2018-11-25 14:36:02 [com.wslint.wisdomreport.service.config.document.impl.WordServiceImpl:195] - D:\server\file\product\1050\document\word\version.xml (系统找不到指定的文件。)
2018-11-25 14:36:07 [com.wslint.wisdomreport.config.WslGlobalExceptionHandler:26] - ------------------ 系统异常！ - For input string: "" ------------------
2018-11-25 15:05:52 [com.wslint.wisdomreport.utils.XMLUtils:134] - D:\server\file\product\1\document\word\version.xml (系统找不到指定的路径。)
2018-11-25 15:06:26 [com.wslint.wisdomreport.utils.XMLUtils:134] - D:\server\file\product\1\document\word\version.xml (系统找不到指定的路径。)
2018-11-25 15:07:32 [com.wslint.wisdomreport.config.WslGlobalExceptionHandler:26] - ------------------ 系统异常！ - For input string: "" ------------------
2018-11-26 09:16:03 [com.wslint.wisdomreport.utils.XMLUtils:134] - D:\server\file\product\1\document\xml\medicine.xml (系统找不到指定的路径。)
2018-11-26 09:23:54 [com.wslint.wisdomreport.utils.XMLUtils:134] - D:\server\file\product\1\document\xml\medicine.xml (系统找不到指定的路径。)
2018-11-26 09:24:23 [com.wslint.wisdomreport.utils.XMLUtils:134] - D:\server\file\product\1\document\xml\medicine.xml (系统找不到指定的路径。)
2018-11-26 09:30:18 [com.wslint.wisdomreport.service.config.document.impl.WordServiceImpl:195] - D:\server\file\product\1054\document\word\version.xml (系统找不到指定的文件。)
2018-11-26 09:34:27 [com.wslint.wisdomreport.service.config.document.impl.WordServiceImpl:195] - D:\server\file\product\1055\document\word\version.xml (系统找不到指定的文件。)
2018-11-26 09:37:01 [com.wslint.wisdomreport.utils.XMLUtils:134] - D:\server\file\product\1\document\word\version.xml (系统找不到指定的路径。)
2018-11-26 09:41:45 [com.wslint.wisdomreport.service.config.document.impl.WordServiceImpl:195] - D:\server\file\product\1056\document\word\version.xml (系统找不到指定的文件。)
2018-11-26 12:01:34 [com.wslint.wisdomreport.utils.XMLUtils:134] - D:\server\file\product\1\document\xml\medicine.xml (系统找不到指定的路径。)
2018-11-26 12:01:38 [com.wslint.wisdomreport.utils.XMLUtils:134] - D:\server\file\product\1\document\word\version.xml (系统找不到指定的路径。)
2018-11-26 12:10:15 [com.wslint.wisdomreport.utils.XMLUtils:134] - D:\server\file\product\1\document\word\version.xml (系统找不到指定的路径。)
2018-11-26 12:10:18 [com.wslint.wisdomreport.utils.XMLUtils:134] - D:\server\file\product\1049\document\word\version.xml (系统找不到指定的路径。)
2018-11-26 12:10:24 [com.wslint.wisdomreport.utils.XMLUtils:141] - null
2018-11-26 14:15:15 [com.wslint.wisdomreport.utils.XMLUtils:134] - D:\server\file\product\1\document\xml\medicine.xml (系统找不到指定的路径。)
2018-11-26 14:15:51 [com.wslint.wisdomreport.utils.XMLUtils:134] - D:\server\file\product\1\document\word\version.xml (系统找不到指定的路径。)
2018-11-26 14:26:05 [com.wslint.wisdomreport.utils.XMLUtils:134] - D:\server\file\product\1\document\word\version.xml (系统找不到指定的路径。)
2018-11-26 14:26:07 [com.wslint.wisdomreport.utils.XMLUtils:134] - D:\server\file\product\1\document\xml\medicine.xml (系统找不到指定的路径。)
2018-11-26 15:00:46 [com.wslint.wisdomreport.utils.XMLUtils:134] - D:\server\file\product\1\document\word\version.xml (系统找不到指定的路径。)
2018-11-26 15:02:56 [com.wslint.wisdomreport.utils.XMLUtils:134] - D:\server\file\product\1\document\word\version.xml (系统找不到指定的路径。)
2018-11-26 15:18:59 [com.wslint.wisdomreport.service.config.document.impl.WordServiceImpl:195] - D:\server\file\product\1059\document\word\version.xml (系统找不到指定的文件。)
2018-11-26 15:43:27 [com.wslint.wisdomreport.utils.XMLUtils:134] - D:\server\file\product\1\document\word\version.xml (系统找不到指定的路径。)
2018-11-26 15:44:31 [com.wslint.wisdomreport.utils.XMLUtils:134] - D:\server\file\product\1\document\word\version.xml (系统找不到指定的路径。)
2018-11-26 15:44:51 [com.wslint.wisdomreport.utils.XMLUtils:134] - D:\server\file\product\1\document\word\version.xml (系统找不到指定的路径。)
2018-11-26 15:45:15 [com.wslint.wisdomreport.utils.XMLUtils:134] - D:\server\file\product\1\document\word\version.xml (系统找不到指定的路径。)
2018-11-26 15:49:17 [com.wslint.wisdomreport.utils.XMLUtils:134] - D:\server\file\product\1\document\word\version.xml (系统找不到指定的路径。)
2018-11-26 16:00:57 [com.wslint.wisdomreport.utils.XMLUtils:134] - D:\server\file\product\1\document\word\version.xml (系统找不到指定的路径。)
2018-11-26 16:01:36 [com.wslint.wisdomreport.utils.XMLUtils:134] - D:\server\file\product\1\document\xml\medicine.xml (系统找不到指定的路径。)
2018-11-26 16:01:38 [com.wslint.wisdomreport.utils.XMLUtils:134] - D:\server\file\product\2\document\xml\medicine.xml (系统找不到指定的路径。)
2018-11-26 16:02:49 [com.wslint.wisdomreport.utils.XMLUtils:134] - D:\server\file\product\1\document\xml\medicine.xml (系统找不到指定的路径。)
2018-11-26 16:02:50 [com.wslint.wisdomreport.utils.XMLUtils:134] - D:\server\file\product\2\document\xml\medicine.xml (系统找不到指定的路径。)
2018-11-26 16:04:15 [com.wslint.wisdomreport.utils.XMLUtils:134] - D:\server\file\product\1\document\word\version.xml (系统找不到指定的路径。)
2018-11-26 16:04:31 [com.wslint.wisdomreport.utils.XMLUtils:134] - D:\server\file\product\1\document\word\version.xml (系统找不到指定的路径。)
2018-11-26 16:04:50 [com.wslint.wisdomreport.utils.XMLUtils:134] - D:\server\file\product\1\document\word\version.xml (系统找不到指定的路径。)
2018-11-26 16:13:58 [com.wslint.wisdomreport.utils.XMLUtils:134] - D:\server\file\product\1\document\word\version.xml (系统找不到指定的路径。)
2018-11-26 16:14:12 [com.wslint.wisdomreport.config.WslGlobalExceptionHandler:26] - ------------------ 系统异常！ - Failed to convert value of type 'java.lang.String' to required type 'java.lang.Long'; nested exception is java.lang.NumberFormatException: For input string: "undefined" ------------------
2018-11-26 16:14:29 [com.wslint.wisdomreport.config.WslGlobalExceptionHandler:26] - ------------------ 系统异常！ - Failed to convert value of type 'java.lang.String' to required type 'java.lang.Long'; nested exception is java.lang.NumberFormatException: For input string: "undefined" ------------------
2018-11-26 16:15:32 [com.wslint.wisdomreport.utils.XMLUtils:134] - D:\server\file\product\1\document\word\version.xml (系统找不到指定的路径。)
2018-11-26 16:18:17 [com.wslint.wisdomreport.utils.XMLUtils:134] - D:\server\file\product\1\document\word\version.xml (系统找不到指定的路径。)
2018-11-26 16:22:27 [com.wslint.wisdomreport.utils.XMLUtils:134] - D:\server\file\product\1\document\word\version.xml (系统找不到指定的路径。)
2018-11-26 16:27:20 [com.wslint.wisdomreport.utils.XMLUtils:134] - D:\server\file\product\1\document\word\version.xml (系统找不到指定的路径。)
2018-11-26 16:35:51 [com.wslint.wisdomreport.utils.XMLUtils:134] - D:\server\file\product\1\document\word\version.xml (系统找不到指定的路径。)
2018-11-26 16:40:59 [com.wslint.wisdomreport.utils.XMLUtils:134] - D:\server\file\product\1\document\word\version.xml (系统找不到指定的路径。)
2018-11-26 16:49:00 [com.wslint.wisdomreport.utils.XMLUtils:134] - D:\server\file\product\1\document\word\version.xml (系统找不到指定的路径。)
2018-11-26 16:49:44 [com.wslint.wisdomreport.utils.XMLUtils:134] - D:\server\file\product\1\document\word\version.xml (系统找不到指定的路径。)
2018-11-26 16:51:01 [com.wslint.wisdomreport.utils.XMLUtils:134] - D:\server\file\product\1\document\word\version.xml (系统找不到指定的路径。)
2018-11-26 16:53:07 [com.wslint.wisdomreport.utils.XMLUtils:134] - D:\server\file\product\1\document\word\version.xml (系统找不到指定的路径。)
2018-11-26 17:15:25 [com.wslint.wisdomreport.utils.XMLUtils:134] - D:\server\file\product\1\document\word\version.xml (系统找不到指定的路径。)
2018-11-26 17:21:20 [com.wslint.wisdomreport.utils.XMLUtils:134] - D:\server\file\product\1\document\word\version.xml (系统找不到指定的路径。)
2018-11-26 17:24:01 [com.wslint.wisdomreport.config.WslGlobalExceptionHandler:26] - ------------------ 系统异常！ - null ------------------
2018-11-26 17:24:01 [com.wslint.wisdomreport.config.WslGlobalExceptionHandler:26] - ------------------ 系统异常！ - null ------------------
2018-11-26 17:27:51 [com.wslint.wisdomreport.utils.XMLUtils:134] - D:\server\file\product\1\document\word\version.xml (系统找不到指定的路径。)
2018-11-26 17:29:32 [com.wslint.wisdomreport.utils.XMLUtils:134] - D:\server\file\product\1\document\word\version.xml (系统找不到指定的路径。)
2018-11-26 17:30:48 [com.wslint.wisdomreport.utils.XMLUtils:134] - D:\server\file\product\1\document\word\version.xml (系统找不到指定的路径。)
2018-11-26 17:33:24 [com.wslint.wisdomreport.utils.XMLUtils:134] - D:\server\file\product\1\document\word\version.xml (系统找不到指定的路径。)
2018-11-26 17:34:54 [com.wslint.wisdomreport.utils.XMLUtils:134] - D:\server\file\product\1\document\word\version.xml (系统找不到指定的路径。)
2018-11-26 17:36:18 [com.wslint.wisdomreport.utils.XMLUtils:134] - D:\server\file\product\1\document\word\version.xml (系统找不到指定的路径。)
