2018-11-27 10:40:20 [org.springframework.boot.SpringApplication:845] - Application run failed
org.springframework.beans.factory.BeanCreationException: Error creating bean with name 'flywayInitializer' defined in class path resource [org/springframework/boot/autoconfigure/flyway/FlywayAutoConfiguration$FlywayConfiguration.class]: Invocation of init method failed; nested exception is org.flywaydb.core.api.FlywayException: Validate failed: Migration checksum mismatch for migration version 1
-> Applied to database : 323079828
-> Resolved locally    : 178945418
	at org.springframework.beans.factory.support.AbstractAutowireCapableBeanFactory.initializeBean(AbstractAutowireCapableBeanFactory.java:1699)
	at org.springframework.beans.factory.support.AbstractAutowireCapableBeanFactory.doCreateBean(AbstractAutowireCapableBeanFactory.java:573)
	at org.springframework.beans.factory.support.AbstractAutowireCapableBeanFactory.createBean(AbstractAutowireCapableBeanFactory.java:495)
	at org.springframework.beans.factory.support.AbstractBeanFactory.lambda$doGetBean$0(AbstractBeanFactory.java:317)
	at org.springframework.beans.factory.support.DefaultSingletonBeanRegistry.getSingleton(DefaultSingletonBeanRegistry.java:222)
	at org.springframework.beans.factory.support.AbstractBeanFactory.doGetBean(AbstractBeanFactory.java:315)
	at org.springframework.beans.factory.support.AbstractBeanFactory.getBean(AbstractBeanFactory.java:199)
	at org.springframework.beans.factory.support.AbstractBeanFactory.doGetBean(AbstractBeanFactory.java:304)
	at org.springframework.beans.factory.support.AbstractBeanFactory.getBean(AbstractBeanFactory.java:199)
	at org.springframework.beans.factory.support.DefaultListableBeanFactory.preInstantiateSingletons(DefaultListableBeanFactory.java:759)
	at org.springframework.context.support.AbstractApplicationContext.finishBeanFactoryInitialization(AbstractApplicationContext.java:869)
	at org.springframework.context.support.AbstractApplicationContext.refresh(AbstractApplicationContext.java:550)
	at org.springframework.boot.web.servlet.context.ServletWebServerApplicationContext.refresh(ServletWebServerApplicationContext.java:140)
	at org.springframework.boot.SpringApplication.refresh(SpringApplication.java:762)
	at org.springframework.boot.SpringApplication.refreshContext(SpringApplication.java:398)
	at org.springframework.boot.SpringApplication.run(SpringApplication.java:330)
	at com.wslint.wisdomreport.WisdomReportApplication.main(WisdomReportApplication.java:20)
Caused by: org.flywaydb.core.api.FlywayException: Validate failed: Migration checksum mismatch for migration version 1
-> Applied to database : 323079828
-> Resolved locally    : 178945418
	at org.flywaydb.core.Flyway.doValidate(Flyway.java:1037)
	at org.flywaydb.core.Flyway.access$100(Flyway.java:78)
	at org.flywaydb.core.Flyway$1.execute(Flyway.java:918)
	at org.flywaydb.core.Flyway$1.execute(Flyway.java:910)
	at org.flywaydb.core.Flyway.execute(Flyway.java:1238)
	at org.flywaydb.core.Flyway.migrate(Flyway.java:910)
	at org.springframework.boot.autoconfigure.flyway.FlywayMigrationInitializer.afterPropertiesSet(FlywayMigrationInitializer.java:66)
	at org.springframework.beans.factory.support.AbstractAutowireCapableBeanFactory.invokeInitMethods(AbstractAutowireCapableBeanFactory.java:1758)
	at org.springframework.beans.factory.support.AbstractAutowireCapableBeanFactory.initializeBean(AbstractAutowireCapableBeanFactory.java:1695)
	... 16 common frames omitted
2018-11-27 10:43:39 [org.springframework.boot.SpringApplication:845] - Application run failed
org.springframework.beans.factory.BeanCreationException: Error creating bean with name 'flywayInitializer' defined in class path resource [org/springframework/boot/autoconfigure/flyway/FlywayAutoConfiguration$FlywayConfiguration.class]: Invocation of init method failed; nested exception is org.flywaydb.core.api.FlywayException: Validate failed: Migration checksum mismatch for migration version 1
-> Applied to database : null
-> Resolved locally    : 178945418
	at org.springframework.beans.factory.support.AbstractAutowireCapableBeanFactory.initializeBean(AbstractAutowireCapableBeanFactory.java:1699)
	at org.springframework.beans.factory.support.AbstractAutowireCapableBeanFactory.doCreateBean(AbstractAutowireCapableBeanFactory.java:573)
	at org.springframework.beans.factory.support.AbstractAutowireCapableBeanFactory.createBean(AbstractAutowireCapableBeanFactory.java:495)
	at org.springframework.beans.factory.support.AbstractBeanFactory.lambda$doGetBean$0(AbstractBeanFactory.java:317)
	at org.springframework.beans.factory.support.DefaultSingletonBeanRegistry.getSingleton(DefaultSingletonBeanRegistry.java:222)
	at org.springframework.beans.factory.support.AbstractBeanFactory.doGetBean(AbstractBeanFactory.java:315)
	at org.springframework.beans.factory.support.AbstractBeanFactory.getBean(AbstractBeanFactory.java:199)
	at org.springframework.beans.factory.support.AbstractBeanFactory.doGetBean(AbstractBeanFactory.java:304)
	at org.springframework.beans.factory.support.AbstractBeanFactory.getBean(AbstractBeanFactory.java:199)
	at org.springframework.beans.factory.support.DefaultListableBeanFactory.preInstantiateSingletons(DefaultListableBeanFactory.java:759)
	at org.springframework.context.support.AbstractApplicationContext.finishBeanFactoryInitialization(AbstractApplicationContext.java:869)
	at org.springframework.context.support.AbstractApplicationContext.refresh(AbstractApplicationContext.java:550)
	at org.springframework.boot.web.servlet.context.ServletWebServerApplicationContext.refresh(ServletWebServerApplicationContext.java:140)
	at org.springframework.boot.SpringApplication.refresh(SpringApplication.java:762)
	at org.springframework.boot.SpringApplication.refreshContext(SpringApplication.java:398)
	at org.springframework.boot.SpringApplication.run(SpringApplication.java:330)
	at com.wslint.wisdomreport.WisdomReportApplication.main(WisdomReportApplication.java:20)
Caused by: org.flywaydb.core.api.FlywayException: Validate failed: Migration checksum mismatch for migration version 1
-> Applied to database : null
-> Resolved locally    : 178945418
	at org.flywaydb.core.Flyway.doValidate(Flyway.java:1037)
	at org.flywaydb.core.Flyway.access$100(Flyway.java:78)
	at org.flywaydb.core.Flyway$1.execute(Flyway.java:918)
	at org.flywaydb.core.Flyway$1.execute(Flyway.java:910)
	at org.flywaydb.core.Flyway.execute(Flyway.java:1238)
	at org.flywaydb.core.Flyway.migrate(Flyway.java:910)
	at org.springframework.boot.autoconfigure.flyway.FlywayMigrationInitializer.afterPropertiesSet(FlywayMigrationInitializer.java:66)
	at org.springframework.beans.factory.support.AbstractAutowireCapableBeanFactory.invokeInitMethods(AbstractAutowireCapableBeanFactory.java:1758)
	at org.springframework.beans.factory.support.AbstractAutowireCapableBeanFactory.initializeBean(AbstractAutowireCapableBeanFactory.java:1695)
	... 16 common frames omitted
2018-11-27 10:45:22 [com.wslint.wisdomreport.utils.XMLUtils:134] - D:\server\file\product\1\document\word\version.xml (系统找不到指定的路径。)
2018-11-27 10:45:52 [com.wslint.wisdomreport.utils.XMLUtils:134] - D:\server\file\product\1\document\word\version.xml (系统找不到指定的路径。)
2018-11-27 10:50:00 [com.wslint.wisdomreport.utils.XMLUtils:134] - D:\server\file\product\1\document\word\version.xml (系统找不到指定的路径。)
2018-11-27 10:58:49 [com.wslint.wisdomreport.utils.XMLUtils:134] - D:\server\file\product\1\document\word\version.xml (系统找不到指定的路径。)
2018-11-27 10:59:30 [com.wslint.wisdomreport.utils.XMLUtils:134] - D:\server\file\product\1\document\word\version.xml (系统找不到指定的路径。)
2018-11-27 11:01:10 [com.wslint.wisdomreport.utils.XMLUtils:134] - D:\server\file\product\1\document\word\version.xml (系统找不到指定的路径。)
2018-11-27 12:31:25 [com.wslint.wisdomreport.utils.XMLUtils:134] - D:\server\file\product\1\document\word\version.xml (系统找不到指定的路径。)
2018-11-27 12:33:51 [com.wslint.wisdomreport.config.WslGlobalExceptionHandler:26] - ------------------ 系统异常！ - Failed to parse multipart servlet request; nested exception is java.io.IOException: The temporary upload location [C:\Users\win 10\AppData\Local\Temp\tomcat.6006625800234070410.9000\work\Tomcat\localhost\ROOT] is not valid ------------------
2018-11-27 12:33:51 [com.wslint.wisdomreport.config.WslGlobalExceptionHandler:26] - ------------------ 系统异常！ - Failed to parse multipart servlet request; nested exception is java.io.IOException: The temporary upload location [C:\Users\win 10\AppData\Local\Temp\tomcat.6006625800234070410.9000\work\Tomcat\localhost\ROOT] is not valid ------------------
2018-11-27 12:33:51 [com.wslint.wisdomreport.config.WslGlobalExceptionHandler:26] - ------------------ 系统异常！ - Failed to parse multipart servlet request; nested exception is java.io.IOException: The temporary upload location [C:\Users\win 10\AppData\Local\Temp\tomcat.6006625800234070410.9000\work\Tomcat\localhost\ROOT] is not valid ------------------
2018-11-27 12:33:51 [com.wslint.wisdomreport.config.WslGlobalExceptionHandler:26] - ------------------ 系统异常！ - Failed to parse multipart servlet request; nested exception is java.io.IOException: The temporary upload location [C:\Users\win 10\AppData\Local\Temp\tomcat.6006625800234070410.9000\work\Tomcat\localhost\ROOT] is not valid ------------------
2018-11-27 12:34:19 [com.wslint.wisdomreport.config.WslGlobalExceptionHandler:26] - ------------------ 系统异常！ - Failed to parse multipart servlet request; nested exception is java.io.IOException: The temporary upload location [C:\Users\win 10\AppData\Local\Temp\tomcat.6006625800234070410.9000\work\Tomcat\localhost\ROOT] is not valid ------------------
2018-11-27 12:34:19 [com.wslint.wisdomreport.config.WslGlobalExceptionHandler:26] - ------------------ 系统异常！ - Failed to parse multipart servlet request; nested exception is java.io.IOException: The temporary upload location [C:\Users\win 10\AppData\Local\Temp\tomcat.6006625800234070410.9000\work\Tomcat\localhost\ROOT] is not valid ------------------
2018-11-27 12:34:20 [com.wslint.wisdomreport.config.WslGlobalExceptionHandler:26] - ------------------ 系统异常！ - Failed to parse multipart servlet request; nested exception is java.io.IOException: The temporary upload location [C:\Users\win 10\AppData\Local\Temp\tomcat.6006625800234070410.9000\work\Tomcat\localhost\ROOT] is not valid ------------------
2018-11-27 12:34:20 [com.wslint.wisdomreport.config.WslGlobalExceptionHandler:26] - ------------------ 系统异常！ - Failed to parse multipart servlet request; nested exception is java.io.IOException: The temporary upload location [C:\Users\win 10\AppData\Local\Temp\tomcat.6006625800234070410.9000\work\Tomcat\localhost\ROOT] is not valid ------------------
2018-11-27 12:34:21 [com.wslint.wisdomreport.config.WslGlobalExceptionHandler:26] - ------------------ 系统异常！ - Failed to parse multipart servlet request; nested exception is java.io.IOException: The temporary upload location [C:\Users\win 10\AppData\Local\Temp\tomcat.6006625800234070410.9000\work\Tomcat\localhost\ROOT] is not valid ------------------
2018-11-27 12:34:21 [com.wslint.wisdomreport.config.WslGlobalExceptionHandler:26] - ------------------ 系统异常！ - Failed to parse multipart servlet request; nested exception is java.io.IOException: The temporary upload location [C:\Users\win 10\AppData\Local\Temp\tomcat.6006625800234070410.9000\work\Tomcat\localhost\ROOT] is not valid ------------------
2018-11-27 12:34:21 [com.wslint.wisdomreport.config.WslGlobalExceptionHandler:26] - ------------------ 系统异常！ - Failed to parse multipart servlet request; nested exception is java.io.IOException: The temporary upload location [C:\Users\win 10\AppData\Local\Temp\tomcat.6006625800234070410.9000\work\Tomcat\localhost\ROOT] is not valid ------------------
2018-11-27 12:34:22 [com.wslint.wisdomreport.config.WslGlobalExceptionHandler:26] - ------------------ 系统异常！ - Failed to parse multipart servlet request; nested exception is java.io.IOException: The temporary upload location [C:\Users\win 10\AppData\Local\Temp\tomcat.6006625800234070410.9000\work\Tomcat\localhost\ROOT] is not valid ------------------
2018-11-27 12:34:22 [com.wslint.wisdomreport.config.WslGlobalExceptionHandler:26] - ------------------ 系统异常！ - Failed to parse multipart servlet request; nested exception is java.io.IOException: The temporary upload location [C:\Users\win 10\AppData\Local\Temp\tomcat.6006625800234070410.9000\work\Tomcat\localhost\ROOT] is not valid ------------------
2018-11-27 12:34:22 [com.wslint.wisdomreport.config.WslGlobalExceptionHandler:26] - ------------------ 系统异常！ - Failed to parse multipart servlet request; nested exception is java.io.IOException: The temporary upload location [C:\Users\win 10\AppData\Local\Temp\tomcat.6006625800234070410.9000\work\Tomcat\localhost\ROOT] is not valid ------------------
2018-11-27 12:34:22 [com.wslint.wisdomreport.config.WslGlobalExceptionHandler:26] - ------------------ 系统异常！ - Failed to parse multipart servlet request; nested exception is java.io.IOException: The temporary upload location [C:\Users\win 10\AppData\Local\Temp\tomcat.6006625800234070410.9000\work\Tomcat\localhost\ROOT] is not valid ------------------
2018-11-27 12:34:22 [com.wslint.wisdomreport.config.WslGlobalExceptionHandler:26] - ------------------ 系统异常！ - Failed to parse multipart servlet request; nested exception is java.io.IOException: The temporary upload location [C:\Users\win 10\AppData\Local\Temp\tomcat.6006625800234070410.9000\work\Tomcat\localhost\ROOT] is not valid ------------------
2018-11-27 12:34:22 [com.wslint.wisdomreport.config.WslGlobalExceptionHandler:26] - ------------------ 系统异常！ - Failed to parse multipart servlet request; nested exception is java.io.IOException: The temporary upload location [C:\Users\win 10\AppData\Local\Temp\tomcat.6006625800234070410.9000\work\Tomcat\localhost\ROOT] is not valid ------------------
2018-11-27 12:34:22 [com.wslint.wisdomreport.config.WslGlobalExceptionHandler:26] - ------------------ 系统异常！ - Failed to parse multipart servlet request; nested exception is java.io.IOException: The temporary upload location [C:\Users\win 10\AppData\Local\Temp\tomcat.6006625800234070410.9000\work\Tomcat\localhost\ROOT] is not valid ------------------
2018-11-27 12:34:22 [com.wslint.wisdomreport.config.WslGlobalExceptionHandler:26] - ------------------ 系统异常！ - Failed to parse multipart servlet request; nested exception is java.io.IOException: The temporary upload location [C:\Users\win 10\AppData\Local\Temp\tomcat.6006625800234070410.9000\work\Tomcat\localhost\ROOT] is not valid ------------------
2018-11-27 12:34:22 [com.wslint.wisdomreport.config.WslGlobalExceptionHandler:26] - ------------------ 系统异常！ - Failed to parse multipart servlet request; nested exception is java.io.IOException: The temporary upload location [C:\Users\win 10\AppData\Local\Temp\tomcat.6006625800234070410.9000\work\Tomcat\localhost\ROOT] is not valid ------------------
2018-11-27 12:34:22 [com.wslint.wisdomreport.config.WslGlobalExceptionHandler:26] - ------------------ 系统异常！ - Failed to parse multipart servlet request; nested exception is java.io.IOException: The temporary upload location [C:\Users\win 10\AppData\Local\Temp\tomcat.6006625800234070410.9000\work\Tomcat\localhost\ROOT] is not valid ------------------
2018-11-27 12:34:22 [com.wslint.wisdomreport.config.WslGlobalExceptionHandler:26] - ------------------ 系统异常！ - Failed to parse multipart servlet request; nested exception is java.io.IOException: The temporary upload location [C:\Users\win 10\AppData\Local\Temp\tomcat.6006625800234070410.9000\work\Tomcat\localhost\ROOT] is not valid ------------------
2018-11-27 12:34:22 [com.wslint.wisdomreport.config.WslGlobalExceptionHandler:26] - ------------------ 系统异常！ - Failed to parse multipart servlet request; nested exception is java.io.IOException: The temporary upload location [C:\Users\win 10\AppData\Local\Temp\tomcat.6006625800234070410.9000\work\Tomcat\localhost\ROOT] is not valid ------------------
2018-11-27 12:34:22 [com.wslint.wisdomreport.config.WslGlobalExceptionHandler:26] - ------------------ 系统异常！ - Failed to parse multipart servlet request; nested exception is java.io.IOException: The temporary upload location [C:\Users\win 10\AppData\Local\Temp\tomcat.6006625800234070410.9000\work\Tomcat\localhost\ROOT] is not valid ------------------
2018-11-27 12:34:22 [com.wslint.wisdomreport.config.WslGlobalExceptionHandler:26] - ------------------ 系统异常！ - Failed to parse multipart servlet request; nested exception is java.io.IOException: The temporary upload location [C:\Users\win 10\AppData\Local\Temp\tomcat.6006625800234070410.9000\work\Tomcat\localhost\ROOT] is not valid ------------------
2018-11-27 12:34:22 [com.wslint.wisdomreport.config.WslGlobalExceptionHandler:26] - ------------------ 系统异常！ - Failed to parse multipart servlet request; nested exception is java.io.IOException: The temporary upload location [C:\Users\win 10\AppData\Local\Temp\tomcat.6006625800234070410.9000\work\Tomcat\localhost\ROOT] is not valid ------------------
2018-11-27 12:34:22 [com.wslint.wisdomreport.config.WslGlobalExceptionHandler:26] - ------------------ 系统异常！ - Failed to parse multipart servlet request; nested exception is java.io.IOException: The temporary upload location [C:\Users\win 10\AppData\Local\Temp\tomcat.6006625800234070410.9000\work\Tomcat\localhost\ROOT] is not valid ------------------
2018-11-27 12:34:22 [com.wslint.wisdomreport.config.WslGlobalExceptionHandler:26] - ------------------ 系统异常！ - Failed to parse multipart servlet request; nested exception is java.io.IOException: The temporary upload location [C:\Users\win 10\AppData\Local\Temp\tomcat.6006625800234070410.9000\work\Tomcat\localhost\ROOT] is not valid ------------------
2018-11-27 12:34:22 [com.wslint.wisdomreport.config.WslGlobalExceptionHandler:26] - ------------------ 系统异常！ - Failed to parse multipart servlet request; nested exception is java.io.IOException: The temporary upload location [C:\Users\win 10\AppData\Local\Temp\tomcat.6006625800234070410.9000\work\Tomcat\localhost\ROOT] is not valid ------------------
2018-11-27 12:34:23 [com.wslint.wisdomreport.config.WslGlobalExceptionHandler:26] - ------------------ 系统异常！ - Failed to parse multipart servlet request; nested exception is java.io.IOException: The temporary upload location [C:\Users\win 10\AppData\Local\Temp\tomcat.6006625800234070410.9000\work\Tomcat\localhost\ROOT] is not valid ------------------
2018-11-27 12:34:23 [com.wslint.wisdomreport.config.WslGlobalExceptionHandler:26] - ------------------ 系统异常！ - Failed to parse multipart servlet request; nested exception is java.io.IOException: The temporary upload location [C:\Users\win 10\AppData\Local\Temp\tomcat.6006625800234070410.9000\work\Tomcat\localhost\ROOT] is not valid ------------------
2018-11-27 12:34:24 [com.wslint.wisdomreport.config.WslGlobalExceptionHandler:26] - ------------------ 系统异常！ - Failed to parse multipart servlet request; nested exception is java.io.IOException: The temporary upload location [C:\Users\win 10\AppData\Local\Temp\tomcat.6006625800234070410.9000\work\Tomcat\localhost\ROOT] is not valid ------------------
2018-11-27 12:34:24 [com.wslint.wisdomreport.config.WslGlobalExceptionHandler:26] - ------------------ 系统异常！ - Failed to parse multipart servlet request; nested exception is java.io.IOException: The temporary upload location [C:\Users\win 10\AppData\Local\Temp\tomcat.6006625800234070410.9000\work\Tomcat\localhost\ROOT] is not valid ------------------
2018-11-27 12:34:24 [com.wslint.wisdomreport.config.WslGlobalExceptionHandler:26] - ------------------ 系统异常！ - Failed to parse multipart servlet request; nested exception is java.io.IOException: The temporary upload location [C:\Users\win 10\AppData\Local\Temp\tomcat.6006625800234070410.9000\work\Tomcat\localhost\ROOT] is not valid ------------------
2018-11-27 12:34:24 [com.wslint.wisdomreport.config.WslGlobalExceptionHandler:26] - ------------------ 系统异常！ - Failed to parse multipart servlet request; nested exception is java.io.IOException: The temporary upload location [C:\Users\win 10\AppData\Local\Temp\tomcat.6006625800234070410.9000\work\Tomcat\localhost\ROOT] is not valid ------------------
2018-11-27 12:34:24 [com.wslint.wisdomreport.config.WslGlobalExceptionHandler:26] - ------------------ 系统异常！ - Failed to parse multipart servlet request; nested exception is java.io.IOException: The temporary upload location [C:\Users\win 10\AppData\Local\Temp\tomcat.6006625800234070410.9000\work\Tomcat\localhost\ROOT] is not valid ------------------
2018-11-27 13:55:30 [com.wslint.wisdomreport.utils.XMLUtils:134] - D:\server\file\product\1\document\word\version.xml (系统找不到指定的路径。)
2018-11-27 13:57:11 [com.wslint.wisdomreport.config.WslGlobalExceptionHandler:26] - ------------------ 系统异常！ - Failed to parse multipart servlet request; nested exception is java.io.IOException: The temporary upload location [C:\Users\win 10\AppData\Local\Temp\tomcat.6006625800234070410.9000\work\Tomcat\localhost\ROOT] is not valid ------------------
2018-11-27 13:57:11 [com.wslint.wisdomreport.config.WslGlobalExceptionHandler:26] - ------------------ 系统异常！ - Failed to parse multipart servlet request; nested exception is java.io.IOException: The temporary upload location [C:\Users\win 10\AppData\Local\Temp\tomcat.6006625800234070410.9000\work\Tomcat\localhost\ROOT] is not valid ------------------
2018-11-27 13:57:11 [com.wslint.wisdomreport.config.WslGlobalExceptionHandler:26] - ------------------ 系统异常！ - Failed to parse multipart servlet request; nested exception is java.io.IOException: The temporary upload location [C:\Users\win 10\AppData\Local\Temp\tomcat.6006625800234070410.9000\work\Tomcat\localhost\ROOT] is not valid ------------------
2018-11-27 13:57:11 [com.wslint.wisdomreport.config.WslGlobalExceptionHandler:26] - ------------------ 系统异常！ - Failed to parse multipart servlet request; nested exception is java.io.IOException: The temporary upload location [C:\Users\win 10\AppData\Local\Temp\tomcat.6006625800234070410.9000\work\Tomcat\localhost\ROOT] is not valid ------------------
2018-11-27 13:58:44 [com.wslint.wisdomreport.utils.XMLUtils:134] - D:\server\file\product\1\document\word\version.xml (系统找不到指定的路径。)
2018-11-27 14:00:21 [com.wslint.wisdomreport.config.WslGlobalExceptionHandler:26] - ------------------ 系统异常！ - Failed to parse multipart servlet request; nested exception is java.io.IOException: The temporary upload location [C:\Users\win 10\AppData\Local\Temp\tomcat.6006625800234070410.9000\work\Tomcat\localhost\ROOT] is not valid ------------------
2018-11-27 14:00:21 [com.wslint.wisdomreport.config.WslGlobalExceptionHandler:26] - ------------------ 系统异常！ - Failed to parse multipart servlet request; nested exception is java.io.IOException: The temporary upload location [C:\Users\win 10\AppData\Local\Temp\tomcat.6006625800234070410.9000\work\Tomcat\localhost\ROOT] is not valid ------------------
2018-11-27 14:00:22 [com.wslint.wisdomreport.config.WslGlobalExceptionHandler:26] - ------------------ 系统异常！ - Failed to parse multipart servlet request; nested exception is java.io.IOException: The temporary upload location [C:\Users\win 10\AppData\Local\Temp\tomcat.6006625800234070410.9000\work\Tomcat\localhost\ROOT] is not valid ------------------
2018-11-27 14:00:22 [com.wslint.wisdomreport.config.WslGlobalExceptionHandler:26] - ------------------ 系统异常！ - Failed to parse multipart servlet request; nested exception is java.io.IOException: The temporary upload location [C:\Users\win 10\AppData\Local\Temp\tomcat.6006625800234070410.9000\work\Tomcat\localhost\ROOT] is not valid ------------------
2018-11-27 14:00:26 [com.wslint.wisdomreport.config.WslGlobalExceptionHandler:26] - ------------------ 系统异常！ - null ------------------
2018-11-27 14:00:26 [com.wslint.wisdomreport.config.WslGlobalExceptionHandler:26] - ------------------ 系统异常！ - Failed to parse multipart servlet request; nested exception is java.io.IOException: The temporary upload location [C:\Users\win 10\AppData\Local\Temp\tomcat.6006625800234070410.9000\work\Tomcat\localhost\ROOT] is not valid ------------------
2018-11-27 14:00:26 [com.wslint.wisdomreport.config.WslGlobalExceptionHandler:26] - ------------------ 系统异常！ - Failed to parse multipart servlet request; nested exception is java.io.IOException: The temporary upload location [C:\Users\win 10\AppData\Local\Temp\tomcat.6006625800234070410.9000\work\Tomcat\localhost\ROOT] is not valid ------------------
2018-11-27 14:00:26 [com.wslint.wisdomreport.config.WslGlobalExceptionHandler:26] - ------------------ 系统异常！ - Failed to parse multipart servlet request; nested exception is java.io.IOException: The temporary upload location [C:\Users\win 10\AppData\Local\Temp\tomcat.6006625800234070410.9000\work\Tomcat\localhost\ROOT] is not valid ------------------
2018-11-27 14:00:26 [com.wslint.wisdomreport.config.WslGlobalExceptionHandler:26] - ------------------ 系统异常！ - Failed to parse multipart servlet request; nested exception is java.io.IOException: The temporary upload location [C:\Users\win 10\AppData\Local\Temp\tomcat.6006625800234070410.9000\work\Tomcat\localhost\ROOT] is not valid ------------------
2018-11-27 14:00:26 [com.wslint.wisdomreport.config.WslGlobalExceptionHandler:26] - ------------------ 系统异常！ - Failed to parse multipart servlet request; nested exception is java.io.IOException: The temporary upload location [C:\Users\win 10\AppData\Local\Temp\tomcat.6006625800234070410.9000\work\Tomcat\localhost\ROOT] is not valid ------------------
2018-11-27 14:00:26 [com.wslint.wisdomreport.config.WslGlobalExceptionHandler:26] - ------------------ 系统异常！ - Failed to parse multipart servlet request; nested exception is java.io.IOException: The temporary upload location [C:\Users\win 10\AppData\Local\Temp\tomcat.6006625800234070410.9000\work\Tomcat\localhost\ROOT] is not valid ------------------
2018-11-27 14:00:27 [com.wslint.wisdomreport.config.WslGlobalExceptionHandler:26] - ------------------ 系统异常！ - Failed to parse multipart servlet request; nested exception is java.io.IOException: The temporary upload location [C:\Users\win 10\AppData\Local\Temp\tomcat.6006625800234070410.9000\work\Tomcat\localhost\ROOT] is not valid ------------------
2018-11-27 14:00:27 [com.wslint.wisdomreport.config.WslGlobalExceptionHandler:26] - ------------------ 系统异常！ - Failed to parse multipart servlet request; nested exception is java.io.IOException: The temporary upload location [C:\Users\win 10\AppData\Local\Temp\tomcat.6006625800234070410.9000\work\Tomcat\localhost\ROOT] is not valid ------------------
2018-11-27 14:00:27 [com.wslint.wisdomreport.config.WslGlobalExceptionHandler:26] - ------------------ 系统异常！ - Failed to parse multipart servlet request; nested exception is java.io.IOException: The temporary upload location [C:\Users\win 10\AppData\Local\Temp\tomcat.6006625800234070410.9000\work\Tomcat\localhost\ROOT] is not valid ------------------
2018-11-27 14:00:27 [com.wslint.wisdomreport.config.WslGlobalExceptionHandler:26] - ------------------ 系统异常！ - Failed to parse multipart servlet request; nested exception is java.io.IOException: The temporary upload location [C:\Users\win 10\AppData\Local\Temp\tomcat.6006625800234070410.9000\work\Tomcat\localhost\ROOT] is not valid ------------------
2018-11-27 14:00:27 [com.wslint.wisdomreport.config.WslGlobalExceptionHandler:26] - ------------------ 系统异常！ - Failed to parse multipart servlet request; nested exception is java.io.IOException: The temporary upload location [C:\Users\win 10\AppData\Local\Temp\tomcat.6006625800234070410.9000\work\Tomcat\localhost\ROOT] is not valid ------------------
2018-11-27 14:00:27 [com.wslint.wisdomreport.config.WslGlobalExceptionHandler:26] - ------------------ 系统异常！ - Failed to parse multipart servlet request; nested exception is java.io.IOException: The temporary upload location [C:\Users\win 10\AppData\Local\Temp\tomcat.6006625800234070410.9000\work\Tomcat\localhost\ROOT] is not valid ------------------
2018-11-27 14:00:27 [com.wslint.wisdomreport.config.WslGlobalExceptionHandler:26] - ------------------ 系统异常！ - Failed to parse multipart servlet request; nested exception is java.io.IOException: The temporary upload location [C:\Users\win 10\AppData\Local\Temp\tomcat.6006625800234070410.9000\work\Tomcat\localhost\ROOT] is not valid ------------------
2018-11-27 14:00:27 [com.wslint.wisdomreport.config.WslGlobalExceptionHandler:26] - ------------------ 系统异常！ - Failed to parse multipart servlet request; nested exception is java.io.IOException: The temporary upload location [C:\Users\win 10\AppData\Local\Temp\tomcat.6006625800234070410.9000\work\Tomcat\localhost\ROOT] is not valid ------------------
2018-11-27 14:00:27 [com.wslint.wisdomreport.config.WslGlobalExceptionHandler:26] - ------------------ 系统异常！ - Failed to parse multipart servlet request; nested exception is java.io.IOException: The temporary upload location [C:\Users\win 10\AppData\Local\Temp\tomcat.6006625800234070410.9000\work\Tomcat\localhost\ROOT] is not valid ------------------
2018-11-27 14:00:27 [com.wslint.wisdomreport.config.WslGlobalExceptionHandler:26] - ------------------ 系统异常！ - Failed to parse multipart servlet request; nested exception is java.io.IOException: The temporary upload location [C:\Users\win 10\AppData\Local\Temp\tomcat.6006625800234070410.9000\work\Tomcat\localhost\ROOT] is not valid ------------------
2018-11-27 14:00:27 [com.wslint.wisdomreport.config.WslGlobalExceptionHandler:26] - ------------------ 系统异常！ - Failed to parse multipart servlet request; nested exception is java.io.IOException: The temporary upload location [C:\Users\win 10\AppData\Local\Temp\tomcat.6006625800234070410.9000\work\Tomcat\localhost\ROOT] is not valid ------------------
2018-11-27 14:00:27 [com.wslint.wisdomreport.config.WslGlobalExceptionHandler:26] - ------------------ 系统异常！ - Failed to parse multipart servlet request; nested exception is java.io.IOException: The temporary upload location [C:\Users\win 10\AppData\Local\Temp\tomcat.6006625800234070410.9000\work\Tomcat\localhost\ROOT] is not valid ------------------
2018-11-27 14:00:27 [com.wslint.wisdomreport.config.WslGlobalExceptionHandler:26] - ------------------ 系统异常！ - Failed to parse multipart servlet request; nested exception is java.io.IOException: The temporary upload location [C:\Users\win 10\AppData\Local\Temp\tomcat.6006625800234070410.9000\work\Tomcat\localhost\ROOT] is not valid ------------------
2018-11-27 14:00:28 [com.wslint.wisdomreport.config.WslGlobalExceptionHandler:26] - ------------------ 系统异常！ - Failed to parse multipart servlet request; nested exception is java.io.IOException: The temporary upload location [C:\Users\win 10\AppData\Local\Temp\tomcat.6006625800234070410.9000\work\Tomcat\localhost\ROOT] is not valid ------------------
2018-11-27 14:00:28 [com.wslint.wisdomreport.config.WslGlobalExceptionHandler:26] - ------------------ 系统异常！ - Failed to parse multipart servlet request; nested exception is java.io.IOException: The temporary upload location [C:\Users\win 10\AppData\Local\Temp\tomcat.6006625800234070410.9000\work\Tomcat\localhost\ROOT] is not valid ------------------
2018-11-27 14:00:28 [com.wslint.wisdomreport.config.WslGlobalExceptionHandler:26] - ------------------ 系统异常！ - Failed to parse multipart servlet request; nested exception is java.io.IOException: The temporary upload location [C:\Users\win 10\AppData\Local\Temp\tomcat.6006625800234070410.9000\work\Tomcat\localhost\ROOT] is not valid ------------------
2018-11-27 14:00:28 [com.wslint.wisdomreport.config.WslGlobalExceptionHandler:26] - ------------------ 系统异常！ - Failed to parse multipart servlet request; nested exception is java.io.IOException: The temporary upload location [C:\Users\win 10\AppData\Local\Temp\tomcat.6006625800234070410.9000\work\Tomcat\localhost\ROOT] is not valid ------------------
2018-11-27 14:00:28 [com.wslint.wisdomreport.config.WslGlobalExceptionHandler:26] - ------------------ 系统异常！ - Failed to parse multipart servlet request; nested exception is java.io.IOException: The temporary upload location [C:\Users\win 10\AppData\Local\Temp\tomcat.6006625800234070410.9000\work\Tomcat\localhost\ROOT] is not valid ------------------
2018-11-27 14:00:28 [com.wslint.wisdomreport.config.WslGlobalExceptionHandler:26] - ------------------ 系统异常！ - Failed to parse multipart servlet request; nested exception is java.io.IOException: The temporary upload location [C:\Users\win 10\AppData\Local\Temp\tomcat.6006625800234070410.9000\work\Tomcat\localhost\ROOT] is not valid ------------------
2018-11-27 14:00:28 [com.wslint.wisdomreport.config.WslGlobalExceptionHandler:26] - ------------------ 系统异常！ - Failed to parse multipart servlet request; nested exception is java.io.IOException: The temporary upload location [C:\Users\win 10\AppData\Local\Temp\tomcat.6006625800234070410.9000\work\Tomcat\localhost\ROOT] is not valid ------------------
2018-11-27 14:00:28 [com.wslint.wisdomreport.config.WslGlobalExceptionHandler:26] - ------------------ 系统异常！ - Failed to parse multipart servlet request; nested exception is java.io.IOException: The temporary upload location [C:\Users\win 10\AppData\Local\Temp\tomcat.6006625800234070410.9000\work\Tomcat\localhost\ROOT] is not valid ------------------
2018-11-27 14:00:28 [com.wslint.wisdomreport.config.WslGlobalExceptionHandler:26] - ------------------ 系统异常！ - Failed to parse multipart servlet request; nested exception is java.io.IOException: The temporary upload location [C:\Users\win 10\AppData\Local\Temp\tomcat.6006625800234070410.9000\work\Tomcat\localhost\ROOT] is not valid ------------------
2018-11-27 14:00:28 [com.wslint.wisdomreport.config.WslGlobalExceptionHandler:26] - ------------------ 系统异常！ - Failed to parse multipart servlet request; nested exception is java.io.IOException: The temporary upload location [C:\Users\win 10\AppData\Local\Temp\tomcat.6006625800234070410.9000\work\Tomcat\localhost\ROOT] is not valid ------------------
2018-11-27 14:00:29 [com.wslint.wisdomreport.config.WslGlobalExceptionHandler:26] - ------------------ 系统异常！ - Failed to parse multipart servlet request; nested exception is java.io.IOException: The temporary upload location [C:\Users\win 10\AppData\Local\Temp\tomcat.6006625800234070410.9000\work\Tomcat\localhost\ROOT] is not valid ------------------
2018-11-27 14:00:29 [com.wslint.wisdomreport.config.WslGlobalExceptionHandler:26] - ------------------ 系统异常！ - Failed to parse multipart servlet request; nested exception is java.io.IOException: The temporary upload location [C:\Users\win 10\AppData\Local\Temp\tomcat.6006625800234070410.9000\work\Tomcat\localhost\ROOT] is not valid ------------------
2018-11-27 14:00:29 [com.wslint.wisdomreport.config.WslGlobalExceptionHandler:26] - ------------------ 系统异常！ - Failed to parse multipart servlet request; nested exception is java.io.IOException: The temporary upload location [C:\Users\win 10\AppData\Local\Temp\tomcat.6006625800234070410.9000\work\Tomcat\localhost\ROOT] is not valid ------------------
2018-11-27 14:00:58 [com.wslint.wisdomreport.utils.XMLUtils:134] - D:\server\file\product\1\document\word\version.xml (系统找不到指定的路径。)
2018-11-27 14:03:26 [com.wslint.wisdomreport.config.WslGlobalExceptionHandler:26] - ------------------ 系统异常！ - Failed to parse multipart servlet request; nested exception is java.io.IOException: The temporary upload location [C:\Users\win 10\AppData\Local\Temp\tomcat.6006625800234070410.9000\work\Tomcat\localhost\ROOT] is not valid ------------------
2018-11-27 14:03:26 [com.wslint.wisdomreport.config.WslGlobalExceptionHandler:26] - ------------------ 系统异常！ - Failed to parse multipart servlet request; nested exception is java.io.IOException: The temporary upload location [C:\Users\win 10\AppData\Local\Temp\tomcat.6006625800234070410.9000\work\Tomcat\localhost\ROOT] is not valid ------------------
2018-11-27 14:03:27 [com.wslint.wisdomreport.config.WslGlobalExceptionHandler:26] - ------------------ 系统异常！ - Failed to parse multipart servlet request; nested exception is java.io.IOException: The temporary upload location [C:\Users\win 10\AppData\Local\Temp\tomcat.6006625800234070410.9000\work\Tomcat\localhost\ROOT] is not valid ------------------
2018-11-27 14:03:27 [com.wslint.wisdomreport.config.WslGlobalExceptionHandler:26] - ------------------ 系统异常！ - Failed to parse multipart servlet request; nested exception is java.io.IOException: The temporary upload location [C:\Users\win 10\AppData\Local\Temp\tomcat.6006625800234070410.9000\work\Tomcat\localhost\ROOT] is not valid ------------------
2018-11-27 14:12:00 [com.wslint.wisdomreport.utils.XMLUtils:134] - D:\server\file\product\1\document\word\version.xml (系统找不到指定的路径。)
2018-11-27 14:13:29 [com.wslint.wisdomreport.config.WslGlobalExceptionHandler:26] - ------------------ 系统异常！ - Failed to parse multipart servlet request; nested exception is java.io.IOException: The temporary upload location [C:\Users\win 10\AppData\Local\Temp\tomcat.6006625800234070410.9000\work\Tomcat\localhost\ROOT] is not valid ------------------
2018-11-27 14:13:29 [com.wslint.wisdomreport.config.WslGlobalExceptionHandler:26] - ------------------ 系统异常！ - Failed to parse multipart servlet request; nested exception is java.io.IOException: The temporary upload location [C:\Users\win 10\AppData\Local\Temp\tomcat.6006625800234070410.9000\work\Tomcat\localhost\ROOT] is not valid ------------------
2018-11-27 14:13:29 [com.wslint.wisdomreport.config.WslGlobalExceptionHandler:26] - ------------------ 系统异常！ - Failed to parse multipart servlet request; nested exception is java.io.IOException: The temporary upload location [C:\Users\win 10\AppData\Local\Temp\tomcat.6006625800234070410.9000\work\Tomcat\localhost\ROOT] is not valid ------------------
2018-11-27 14:13:29 [com.wslint.wisdomreport.config.WslGlobalExceptionHandler:26] - ------------------ 系统异常！ - Failed to parse multipart servlet request; nested exception is java.io.IOException: The temporary upload location [C:\Users\win 10\AppData\Local\Temp\tomcat.6006625800234070410.9000\work\Tomcat\localhost\ROOT] is not valid ------------------
2018-11-27 14:13:29 [com.wslint.wisdomreport.config.WslGlobalExceptionHandler:26] - ------------------ 系统异常！ - Failed to parse multipart servlet request; nested exception is java.io.IOException: The temporary upload location [C:\Users\win 10\AppData\Local\Temp\tomcat.6006625800234070410.9000\work\Tomcat\localhost\ROOT] is not valid ------------------
2018-11-27 14:13:29 [com.wslint.wisdomreport.config.WslGlobalExceptionHandler:26] - ------------------ 系统异常！ - Failed to parse multipart servlet request; nested exception is java.io.IOException: The temporary upload location [C:\Users\win 10\AppData\Local\Temp\tomcat.6006625800234070410.9000\work\Tomcat\localhost\ROOT] is not valid ------------------
2018-11-27 14:13:29 [com.wslint.wisdomreport.config.WslGlobalExceptionHandler:26] - ------------------ 系统异常！ - Failed to parse multipart servlet request; nested exception is java.io.IOException: The temporary upload location [C:\Users\win 10\AppData\Local\Temp\tomcat.6006625800234070410.9000\work\Tomcat\localhost\ROOT] is not valid ------------------
2018-11-27 14:13:29 [com.wslint.wisdomreport.config.WslGlobalExceptionHandler:26] - ------------------ 系统异常！ - Failed to parse multipart servlet request; nested exception is java.io.IOException: The temporary upload location [C:\Users\win 10\AppData\Local\Temp\tomcat.6006625800234070410.9000\work\Tomcat\localhost\ROOT] is not valid ------------------
2018-11-27 14:13:29 [com.wslint.wisdomreport.config.WslGlobalExceptionHandler:26] - ------------------ 系统异常！ - Failed to parse multipart servlet request; nested exception is java.io.IOException: The temporary upload location [C:\Users\win 10\AppData\Local\Temp\tomcat.6006625800234070410.9000\work\Tomcat\localhost\ROOT] is not valid ------------------
2018-11-27 14:13:29 [com.wslint.wisdomreport.config.WslGlobalExceptionHandler:26] - ------------------ 系统异常！ - Failed to parse multipart servlet request; nested exception is java.io.IOException: The temporary upload location [C:\Users\win 10\AppData\Local\Temp\tomcat.6006625800234070410.9000\work\Tomcat\localhost\ROOT] is not valid ------------------
2018-11-27 14:13:29 [com.wslint.wisdomreport.config.WslGlobalExceptionHandler:26] - ------------------ 系统异常！ - Failed to parse multipart servlet request; nested exception is java.io.IOException: The temporary upload location [C:\Users\win 10\AppData\Local\Temp\tomcat.6006625800234070410.9000\work\Tomcat\localhost\ROOT] is not valid ------------------
2018-11-27 14:13:29 [com.wslint.wisdomreport.config.WslGlobalExceptionHandler:26] - ------------------ 系统异常！ - Failed to parse multipart servlet request; nested exception is java.io.IOException: The temporary upload location [C:\Users\win 10\AppData\Local\Temp\tomcat.6006625800234070410.9000\work\Tomcat\localhost\ROOT] is not valid ------------------
2018-11-27 14:13:29 [com.wslint.wisdomreport.config.WslGlobalExceptionHandler:26] - ------------------ 系统异常！ - Failed to parse multipart servlet request; nested exception is java.io.IOException: The temporary upload location [C:\Users\win 10\AppData\Local\Temp\tomcat.6006625800234070410.9000\work\Tomcat\localhost\ROOT] is not valid ------------------
2018-11-27 14:13:29 [com.wslint.wisdomreport.config.WslGlobalExceptionHandler:26] - ------------------ 系统异常！ - Failed to parse multipart servlet request; nested exception is java.io.IOException: The temporary upload location [C:\Users\win 10\AppData\Local\Temp\tomcat.6006625800234070410.9000\work\Tomcat\localhost\ROOT] is not valid ------------------
2018-11-27 14:13:30 [com.wslint.wisdomreport.config.WslGlobalExceptionHandler:26] - ------------------ 系统异常！ - Failed to parse multipart servlet request; nested exception is java.io.IOException: The temporary upload location [C:\Users\win 10\AppData\Local\Temp\tomcat.6006625800234070410.9000\work\Tomcat\localhost\ROOT] is not valid ------------------
2018-11-27 14:13:30 [com.wslint.wisdomreport.config.WslGlobalExceptionHandler:26] - ------------------ 系统异常！ - Failed to parse multipart servlet request; nested exception is java.io.IOException: The temporary upload location [C:\Users\win 10\AppData\Local\Temp\tomcat.6006625800234070410.9000\work\Tomcat\localhost\ROOT] is not valid ------------------
2018-11-27 14:13:30 [com.wslint.wisdomreport.config.WslGlobalExceptionHandler:26] - ------------------ 系统异常！ - Failed to parse multipart servlet request; nested exception is java.io.IOException: The temporary upload location [C:\Users\win 10\AppData\Local\Temp\tomcat.6006625800234070410.9000\work\Tomcat\localhost\ROOT] is not valid ------------------
2018-11-27 14:13:30 [com.wslint.wisdomreport.config.WslGlobalExceptionHandler:26] - ------------------ 系统异常！ - Failed to parse multipart servlet request; nested exception is java.io.IOException: The temporary upload location [C:\Users\win 10\AppData\Local\Temp\tomcat.6006625800234070410.9000\work\Tomcat\localhost\ROOT] is not valid ------------------
2018-11-27 14:13:30 [com.wslint.wisdomreport.config.WslGlobalExceptionHandler:26] - ------------------ 系统异常！ - Failed to parse multipart servlet request; nested exception is java.io.IOException: The temporary upload location [C:\Users\win 10\AppData\Local\Temp\tomcat.6006625800234070410.9000\work\Tomcat\localhost\ROOT] is not valid ------------------
2018-11-27 14:13:30 [com.wslint.wisdomreport.config.WslGlobalExceptionHandler:26] - ------------------ 系统异常！ - Failed to parse multipart servlet request; nested exception is java.io.IOException: The temporary upload location [C:\Users\win 10\AppData\Local\Temp\tomcat.6006625800234070410.9000\work\Tomcat\localhost\ROOT] is not valid ------------------
2018-11-27 14:13:30 [com.wslint.wisdomreport.config.WslGlobalExceptionHandler:26] - ------------------ 系统异常！ - Failed to parse multipart servlet request; nested exception is java.io.IOException: The temporary upload location [C:\Users\win 10\AppData\Local\Temp\tomcat.6006625800234070410.9000\work\Tomcat\localhost\ROOT] is not valid ------------------
2018-11-27 14:13:30 [com.wslint.wisdomreport.config.WslGlobalExceptionHandler:26] - ------------------ 系统异常！ - Failed to parse multipart servlet request; nested exception is java.io.IOException: The temporary upload location [C:\Users\win 10\AppData\Local\Temp\tomcat.6006625800234070410.9000\work\Tomcat\localhost\ROOT] is not valid ------------------
2018-11-27 14:13:30 [com.wslint.wisdomreport.config.WslGlobalExceptionHandler:26] - ------------------ 系统异常！ - Failed to parse multipart servlet request; nested exception is java.io.IOException: The temporary upload location [C:\Users\win 10\AppData\Local\Temp\tomcat.6006625800234070410.9000\work\Tomcat\localhost\ROOT] is not valid ------------------
2018-11-27 14:13:30 [com.wslint.wisdomreport.config.WslGlobalExceptionHandler:26] - ------------------ 系统异常！ - Failed to parse multipart servlet request; nested exception is java.io.IOException: The temporary upload location [C:\Users\win 10\AppData\Local\Temp\tomcat.6006625800234070410.9000\work\Tomcat\localhost\ROOT] is not valid ------------------
2018-11-27 14:13:30 [com.wslint.wisdomreport.config.WslGlobalExceptionHandler:26] - ------------------ 系统异常！ - Failed to parse multipart servlet request; nested exception is java.io.IOException: The temporary upload location [C:\Users\win 10\AppData\Local\Temp\tomcat.6006625800234070410.9000\work\Tomcat\localhost\ROOT] is not valid ------------------
2018-11-27 14:13:30 [com.wslint.wisdomreport.config.WslGlobalExceptionHandler:26] - ------------------ 系统异常！ - Failed to parse multipart servlet request; nested exception is java.io.IOException: The temporary upload location [C:\Users\win 10\AppData\Local\Temp\tomcat.6006625800234070410.9000\work\Tomcat\localhost\ROOT] is not valid ------------------
2018-11-27 14:13:30 [com.wslint.wisdomreport.config.WslGlobalExceptionHandler:26] - ------------------ 系统异常！ - Failed to parse multipart servlet request; nested exception is java.io.IOException: The temporary upload location [C:\Users\win 10\AppData\Local\Temp\tomcat.6006625800234070410.9000\work\Tomcat\localhost\ROOT] is not valid ------------------
2018-11-27 14:13:30 [com.wslint.wisdomreport.config.WslGlobalExceptionHandler:26] - ------------------ 系统异常！ - Failed to parse multipart servlet request; nested exception is java.io.IOException: The temporary upload location [C:\Users\win 10\AppData\Local\Temp\tomcat.6006625800234070410.9000\work\Tomcat\localhost\ROOT] is not valid ------------------
2018-11-27 14:13:30 [com.wslint.wisdomreport.config.WslGlobalExceptionHandler:26] - ------------------ 系统异常！ - Failed to parse multipart servlet request; nested exception is java.io.IOException: The temporary upload location [C:\Users\win 10\AppData\Local\Temp\tomcat.6006625800234070410.9000\work\Tomcat\localhost\ROOT] is not valid ------------------
2018-11-27 14:13:30 [com.wslint.wisdomreport.config.WslGlobalExceptionHandler:26] - ------------------ 系统异常！ - Failed to parse multipart servlet request; nested exception is java.io.IOException: The temporary upload location [C:\Users\win 10\AppData\Local\Temp\tomcat.6006625800234070410.9000\work\Tomcat\localhost\ROOT] is not valid ------------------
2018-11-27 14:13:30 [com.wslint.wisdomreport.config.WslGlobalExceptionHandler:26] - ------------------ 系统异常！ - Failed to parse multipart servlet request; nested exception is java.io.IOException: The temporary upload location [C:\Users\win 10\AppData\Local\Temp\tomcat.6006625800234070410.9000\work\Tomcat\localhost\ROOT] is not valid ------------------
2018-11-27 14:13:30 [com.wslint.wisdomreport.config.WslGlobalExceptionHandler:26] - ------------------ 系统异常！ - Failed to parse multipart servlet request; nested exception is java.io.IOException: The temporary upload location [C:\Users\win 10\AppData\Local\Temp\tomcat.6006625800234070410.9000\work\Tomcat\localhost\ROOT] is not valid ------------------
2018-11-27 14:13:30 [com.wslint.wisdomreport.config.WslGlobalExceptionHandler:26] - ------------------ 系统异常！ - Failed to parse multipart servlet request; nested exception is java.io.IOException: The temporary upload location [C:\Users\win 10\AppData\Local\Temp\tomcat.6006625800234070410.9000\work\Tomcat\localhost\ROOT] is not valid ------------------
2018-11-27 14:13:30 [com.wslint.wisdomreport.config.WslGlobalExceptionHandler:26] - ------------------ 系统异常！ - Failed to parse multipart servlet request; nested exception is java.io.IOException: The temporary upload location [C:\Users\win 10\AppData\Local\Temp\tomcat.6006625800234070410.9000\work\Tomcat\localhost\ROOT] is not valid ------------------
2018-11-27 14:13:30 [com.wslint.wisdomreport.config.WslGlobalExceptionHandler:26] - ------------------ 系统异常！ - Failed to parse multipart servlet request; nested exception is java.io.IOException: The temporary upload location [C:\Users\win 10\AppData\Local\Temp\tomcat.6006625800234070410.9000\work\Tomcat\localhost\ROOT] is not valid ------------------
2018-11-27 14:13:30 [com.wslint.wisdomreport.config.WslGlobalExceptionHandler:26] - ------------------ 系统异常！ - Failed to parse multipart servlet request; nested exception is java.io.IOException: The temporary upload location [C:\Users\win 10\AppData\Local\Temp\tomcat.6006625800234070410.9000\work\Tomcat\localhost\ROOT] is not valid ------------------
2018-11-27 14:15:27 [com.wslint.wisdomreport.config.WslGlobalExceptionHandler:26] - ------------------ 系统异常！ - Failed to parse multipart servlet request; nested exception is java.io.IOException: The temporary upload location [C:\Users\win 10\AppData\Local\Temp\tomcat.6006625800234070410.9000\work\Tomcat\localhost\ROOT] is not valid ------------------
2018-11-27 14:15:27 [com.wslint.wisdomreport.config.WslGlobalExceptionHandler:26] - ------------------ 系统异常！ - Failed to parse multipart servlet request; nested exception is java.io.IOException: The temporary upload location [C:\Users\win 10\AppData\Local\Temp\tomcat.6006625800234070410.9000\work\Tomcat\localhost\ROOT] is not valid ------------------
2018-11-27 14:16:21 [com.wslint.wisdomreport.config.WslGlobalExceptionHandler:26] - ------------------ 系统异常！ - Failed to parse multipart servlet request; nested exception is java.io.IOException: The temporary upload location [C:\Users\win 10\AppData\Local\Temp\tomcat.6006625800234070410.9000\work\Tomcat\localhost\ROOT] is not valid ------------------
2018-11-27 14:17:52 [com.wslint.wisdomreport.utils.XMLUtils:134] - D:\server\file\product\1\document\word\version.xml (系统找不到指定的路径。)
2018-11-27 14:17:55 [com.wslint.wisdomreport.utils.XMLUtils:134] - D:\server\file\product\1061\document\word\version.xml (系统找不到指定的路径。)
2018-11-27 14:19:32 [com.wslint.wisdomreport.config.WslGlobalExceptionHandler:26] - ------------------ 系统异常！ - Failed to parse multipart servlet request; nested exception is java.io.IOException: The temporary upload location [C:\Users\win 10\AppData\Local\Temp\tomcat.6006625800234070410.9000\work\Tomcat\localhost\ROOT] is not valid ------------------
2018-11-27 14:19:32 [com.wslint.wisdomreport.config.WslGlobalExceptionHandler:26] - ------------------ 系统异常！ - Failed to parse multipart servlet request; nested exception is java.io.IOException: The temporary upload location [C:\Users\win 10\AppData\Local\Temp\tomcat.6006625800234070410.9000\work\Tomcat\localhost\ROOT] is not valid ------------------
2018-11-27 14:19:32 [com.wslint.wisdomreport.config.WslGlobalExceptionHandler:26] - ------------------ 系统异常！ - Failed to parse multipart servlet request; nested exception is java.io.IOException: The temporary upload location [C:\Users\win 10\AppData\Local\Temp\tomcat.6006625800234070410.9000\work\Tomcat\localhost\ROOT] is not valid ------------------
2018-11-27 14:19:54 [com.wslint.wisdomreport.config.WslGlobalExceptionHandler:26] - ------------------ 系统异常！ - Failed to parse multipart servlet request; nested exception is java.io.IOException: The temporary upload location [C:\Users\win 10\AppData\Local\Temp\tomcat.6006625800234070410.9000\work\Tomcat\localhost\ROOT] is not valid ------------------
2018-11-27 14:19:58 [com.wslint.wisdomreport.config.WslGlobalExceptionHandler:26] - ------------------ 系统异常！ - Failed to parse multipart servlet request; nested exception is java.io.IOException: The temporary upload location [C:\Users\win 10\AppData\Local\Temp\tomcat.6006625800234070410.9000\work\Tomcat\localhost\ROOT] is not valid ------------------
2018-11-27 14:19:58 [com.wslint.wisdomreport.config.WslGlobalExceptionHandler:26] - ------------------ 系统异常！ - Failed to parse multipart servlet request; nested exception is java.io.IOException: The temporary upload location [C:\Users\win 10\AppData\Local\Temp\tomcat.6006625800234070410.9000\work\Tomcat\localhost\ROOT] is not valid ------------------
2018-11-27 14:19:58 [com.wslint.wisdomreport.config.WslGlobalExceptionHandler:26] - ------------------ 系统异常！ - Failed to parse multipart servlet request; nested exception is java.io.IOException: The temporary upload location [C:\Users\win 10\AppData\Local\Temp\tomcat.6006625800234070410.9000\work\Tomcat\localhost\ROOT] is not valid ------------------
2018-11-27 14:19:58 [com.wslint.wisdomreport.config.WslGlobalExceptionHandler:26] - ------------------ 系统异常！ - Failed to parse multipart servlet request; nested exception is java.io.IOException: The temporary upload location [C:\Users\win 10\AppData\Local\Temp\tomcat.6006625800234070410.9000\work\Tomcat\localhost\ROOT] is not valid ------------------
2018-11-27 14:19:58 [com.wslint.wisdomreport.config.WslGlobalExceptionHandler:26] - ------------------ 系统异常！ - Failed to parse multipart servlet request; nested exception is java.io.IOException: The temporary upload location [C:\Users\win 10\AppData\Local\Temp\tomcat.6006625800234070410.9000\work\Tomcat\localhost\ROOT] is not valid ------------------
2018-11-27 14:19:58 [com.wslint.wisdomreport.config.WslGlobalExceptionHandler:26] - ------------------ 系统异常！ - Failed to parse multipart servlet request; nested exception is java.io.IOException: The temporary upload location [C:\Users\win 10\AppData\Local\Temp\tomcat.6006625800234070410.9000\work\Tomcat\localhost\ROOT] is not valid ------------------
2018-11-27 14:19:58 [com.wslint.wisdomreport.config.WslGlobalExceptionHandler:26] - ------------------ 系统异常！ - Failed to parse multipart servlet request; nested exception is java.io.IOException: The temporary upload location [C:\Users\win 10\AppData\Local\Temp\tomcat.6006625800234070410.9000\work\Tomcat\localhost\ROOT] is not valid ------------------
2018-11-27 14:19:58 [com.wslint.wisdomreport.config.WslGlobalExceptionHandler:26] - ------------------ 系统异常！ - Failed to parse multipart servlet request; nested exception is java.io.IOException: The temporary upload location [C:\Users\win 10\AppData\Local\Temp\tomcat.6006625800234070410.9000\work\Tomcat\localhost\ROOT] is not valid ------------------
2018-11-27 14:19:59 [com.wslint.wisdomreport.config.WslGlobalExceptionHandler:26] - ------------------ 系统异常！ - Failed to parse multipart servlet request; nested exception is java.io.IOException: The temporary upload location [C:\Users\win 10\AppData\Local\Temp\tomcat.6006625800234070410.9000\work\Tomcat\localhost\ROOT] is not valid ------------------
2018-11-27 14:19:59 [com.wslint.wisdomreport.config.WslGlobalExceptionHandler:26] - ------------------ 系统异常！ - Failed to parse multipart servlet request; nested exception is java.io.IOException: The temporary upload location [C:\Users\win 10\AppData\Local\Temp\tomcat.6006625800234070410.9000\work\Tomcat\localhost\ROOT] is not valid ------------------
2018-11-27 14:19:59 [com.wslint.wisdomreport.config.WslGlobalExceptionHandler:26] - ------------------ 系统异常！ - Failed to parse multipart servlet request; nested exception is java.io.IOException: The temporary upload location [C:\Users\win 10\AppData\Local\Temp\tomcat.6006625800234070410.9000\work\Tomcat\localhost\ROOT] is not valid ------------------
2018-11-27 14:19:59 [com.wslint.wisdomreport.config.WslGlobalExceptionHandler:26] - ------------------ 系统异常！ - Failed to parse multipart servlet request; nested exception is java.io.IOException: The temporary upload location [C:\Users\win 10\AppData\Local\Temp\tomcat.6006625800234070410.9000\work\Tomcat\localhost\ROOT] is not valid ------------------
2018-11-27 14:19:59 [com.wslint.wisdomreport.config.WslGlobalExceptionHandler:26] - ------------------ 系统异常！ - Failed to parse multipart servlet request; nested exception is java.io.IOException: The temporary upload location [C:\Users\win 10\AppData\Local\Temp\tomcat.6006625800234070410.9000\work\Tomcat\localhost\ROOT] is not valid ------------------
2018-11-27 14:19:59 [com.wslint.wisdomreport.config.WslGlobalExceptionHandler:26] - ------------------ 系统异常！ - Failed to parse multipart servlet request; nested exception is java.io.IOException: The temporary upload location [C:\Users\win 10\AppData\Local\Temp\tomcat.6006625800234070410.9000\work\Tomcat\localhost\ROOT] is not valid ------------------
2018-11-27 14:19:59 [com.wslint.wisdomreport.config.WslGlobalExceptionHandler:26] - ------------------ 系统异常！ - Failed to parse multipart servlet request; nested exception is java.io.IOException: The temporary upload location [C:\Users\win 10\AppData\Local\Temp\tomcat.6006625800234070410.9000\work\Tomcat\localhost\ROOT] is not valid ------------------
2018-11-27 14:19:59 [com.wslint.wisdomreport.config.WslGlobalExceptionHandler:26] - ------------------ 系统异常！ - Failed to parse multipart servlet request; nested exception is java.io.IOException: The temporary upload location [C:\Users\win 10\AppData\Local\Temp\tomcat.6006625800234070410.9000\work\Tomcat\localhost\ROOT] is not valid ------------------
2018-11-27 14:19:59 [com.wslint.wisdomreport.config.WslGlobalExceptionHandler:26] - ------------------ 系统异常！ - Failed to parse multipart servlet request; nested exception is java.io.IOException: The temporary upload location [C:\Users\win 10\AppData\Local\Temp\tomcat.6006625800234070410.9000\work\Tomcat\localhost\ROOT] is not valid ------------------
2018-11-27 14:19:59 [com.wslint.wisdomreport.config.WslGlobalExceptionHandler:26] - ------------------ 系统异常！ - Failed to parse multipart servlet request; nested exception is java.io.IOException: The temporary upload location [C:\Users\win 10\AppData\Local\Temp\tomcat.6006625800234070410.9000\work\Tomcat\localhost\ROOT] is not valid ------------------
2018-11-27 14:19:59 [com.wslint.wisdomreport.config.WslGlobalExceptionHandler:26] - ------------------ 系统异常！ - Failed to parse multipart servlet request; nested exception is java.io.IOException: The temporary upload location [C:\Users\win 10\AppData\Local\Temp\tomcat.6006625800234070410.9000\work\Tomcat\localhost\ROOT] is not valid ------------------
2018-11-27 14:19:59 [com.wslint.wisdomreport.config.WslGlobalExceptionHandler:26] - ------------------ 系统异常！ - Failed to parse multipart servlet request; nested exception is java.io.IOException: The temporary upload location [C:\Users\win 10\AppData\Local\Temp\tomcat.6006625800234070410.9000\work\Tomcat\localhost\ROOT] is not valid ------------------
2018-11-27 14:19:59 [com.wslint.wisdomreport.config.WslGlobalExceptionHandler:26] - ------------------ 系统异常！ - Failed to parse multipart servlet request; nested exception is java.io.IOException: The temporary upload location [C:\Users\win 10\AppData\Local\Temp\tomcat.6006625800234070410.9000\work\Tomcat\localhost\ROOT] is not valid ------------------
2018-11-27 14:19:59 [com.wslint.wisdomreport.config.WslGlobalExceptionHandler:26] - ------------------ 系统异常！ - Failed to parse multipart servlet request; nested exception is java.io.IOException: The temporary upload location [C:\Users\win 10\AppData\Local\Temp\tomcat.6006625800234070410.9000\work\Tomcat\localhost\ROOT] is not valid ------------------
2018-11-27 14:19:59 [com.wslint.wisdomreport.config.WslGlobalExceptionHandler:26] - ------------------ 系统异常！ - Failed to parse multipart servlet request; nested exception is java.io.IOException: The temporary upload location [C:\Users\win 10\AppData\Local\Temp\tomcat.6006625800234070410.9000\work\Tomcat\localhost\ROOT] is not valid ------------------
2018-11-27 14:19:59 [com.wslint.wisdomreport.config.WslGlobalExceptionHandler:26] - ------------------ 系统异常！ - Failed to parse multipart servlet request; nested exception is java.io.IOException: The temporary upload location [C:\Users\win 10\AppData\Local\Temp\tomcat.6006625800234070410.9000\work\Tomcat\localhost\ROOT] is not valid ------------------
2018-11-27 14:19:59 [com.wslint.wisdomreport.config.WslGlobalExceptionHandler:26] - ------------------ 系统异常！ - Failed to parse multipart servlet request; nested exception is java.io.IOException: The temporary upload location [C:\Users\win 10\AppData\Local\Temp\tomcat.6006625800234070410.9000\work\Tomcat\localhost\ROOT] is not valid ------------------
2018-11-27 14:19:59 [com.wslint.wisdomreport.config.WslGlobalExceptionHandler:26] - ------------------ 系统异常！ - Failed to parse multipart servlet request; nested exception is java.io.IOException: The temporary upload location [C:\Users\win 10\AppData\Local\Temp\tomcat.6006625800234070410.9000\work\Tomcat\localhost\ROOT] is not valid ------------------
2018-11-27 14:19:59 [com.wslint.wisdomreport.config.WslGlobalExceptionHandler:26] - ------------------ 系统异常！ - Failed to parse multipart servlet request; nested exception is java.io.IOException: The temporary upload location [C:\Users\win 10\AppData\Local\Temp\tomcat.6006625800234070410.9000\work\Tomcat\localhost\ROOT] is not valid ------------------
2018-11-27 14:19:59 [com.wslint.wisdomreport.config.WslGlobalExceptionHandler:26] - ------------------ 系统异常！ - Failed to parse multipart servlet request; nested exception is java.io.IOException: The temporary upload location [C:\Users\win 10\AppData\Local\Temp\tomcat.6006625800234070410.9000\work\Tomcat\localhost\ROOT] is not valid ------------------
2018-11-27 14:19:59 [com.wslint.wisdomreport.config.WslGlobalExceptionHandler:26] - ------------------ 系统异常！ - Failed to parse multipart servlet request; nested exception is java.io.IOException: The temporary upload location [C:\Users\win 10\AppData\Local\Temp\tomcat.6006625800234070410.9000\work\Tomcat\localhost\ROOT] is not valid ------------------
2018-11-27 14:19:59 [com.wslint.wisdomreport.config.WslGlobalExceptionHandler:26] - ------------------ 系统异常！ - Failed to parse multipart servlet request; nested exception is java.io.IOException: The temporary upload location [C:\Users\win 10\AppData\Local\Temp\tomcat.6006625800234070410.9000\work\Tomcat\localhost\ROOT] is not valid ------------------
2018-11-27 14:19:59 [com.wslint.wisdomreport.config.WslGlobalExceptionHandler:26] - ------------------ 系统异常！ - Failed to parse multipart servlet request; nested exception is java.io.IOException: The temporary upload location [C:\Users\win 10\AppData\Local\Temp\tomcat.6006625800234070410.9000\work\Tomcat\localhost\ROOT] is not valid ------------------
2018-11-27 14:19:59 [com.wslint.wisdomreport.config.WslGlobalExceptionHandler:26] - ------------------ 系统异常！ - Failed to parse multipart servlet request; nested exception is java.io.IOException: The temporary upload location [C:\Users\win 10\AppData\Local\Temp\tomcat.6006625800234070410.9000\work\Tomcat\localhost\ROOT] is not valid ------------------
2018-11-27 14:25:14 [com.wslint.wisdomreport.service.config.document.impl.WordServiceImpl:179] - D:\server\file\product\1062\document\word\version.xml (系统找不到指定的文件。)
2018-11-27 14:32:06 [com.wslint.wisdomreport.utils.XMLUtils:134] - D:\server\file\product\1\document\word\version.xml (系统找不到指定的路径。)
2018-11-27 14:34:50 [com.wslint.wisdomreport.utils.XMLUtils:134] - D:\server\file\product\1\document\word\version.xml (系统找不到指定的路径。)
2018-11-27 14:37:28 [com.wslint.wisdomreport.utils.XMLUtils:134] - D:\server\file\product\1\document\word\version.xml (系统找不到指定的路径。)
2018-11-27 14:39:29 [com.wslint.wisdomreport.config.WslGlobalExceptionHandler:26] - ------------------ 系统异常！ - null ------------------
2018-11-27 14:39:32 [com.wslint.wisdomreport.config.WslGlobalExceptionHandler:26] - ------------------ 系统异常！ - null ------------------
2018-11-27 14:41:29 [com.wslint.wisdomreport.config.WslGlobalExceptionHandler:26] - ------------------ 系统异常！ - null ------------------
2018-11-27 14:41:29 [com.wslint.wisdomreport.config.WslGlobalExceptionHandler:26] - ------------------ 系统异常！ - null ------------------
2018-11-27 14:41:33 [com.wslint.wisdomreport.utils.XMLUtils:134] - D:\server\file\product\1\document\word\version.xml (系统找不到指定的路径。)
2018-11-27 14:44:24 [com.wslint.wisdomreport.utils.XMLUtils:134] - D:\server\file\product\1\document\word\version.xml (系统找不到指定的路径。)
2018-11-27 14:45:41 [com.wslint.wisdomreport.service.config.document.impl.WordServiceImpl:179] - D:\server\file\product\1063\document\word\version.xml (系统找不到指定的文件。)
2018-11-27 14:46:47 [com.wslint.wisdomreport.utils.XMLUtils:134] - D:\server\file\product\1\document\word\version.xml (系统找不到指定的路径。)
2018-11-27 14:47:28 [com.wslint.wisdomreport.utils.XMLUtils:134] - D:\server\file\product\1\document\word\version.xml (系统找不到指定的路径。)
2018-11-27 14:50:08 [com.wslint.wisdomreport.utils.XMLUtils:134] - D:\server\file\product\1\document\word\version.xml (系统找不到指定的路径。)
2018-11-27 14:50:34 [com.wslint.wisdomreport.utils.XMLUtils:134] - D:\server\file\product\1\document\word\version.xml (系统找不到指定的路径。)
2018-11-27 14:54:56 [com.wslint.wisdomreport.utils.XMLUtils:134] - D:\server\file\product\1\document\word\version.xml (系统找不到指定的路径。)
2018-11-27 14:57:14 [com.wslint.wisdomreport.utils.XMLUtils:134] - D:\server\file\product\1\document\word\version.xml (系统找不到指定的路径。)
2018-11-27 14:59:58 [com.wslint.wisdomreport.utils.XMLUtils:134] - D:\server\file\product\1\document\word\version.xml (系统找不到指定的路径。)
2018-11-27 15:05:08 [com.wslint.wisdomreport.utils.XMLUtils:134] - D:\server\file\product\1\document\word\version.xml (系统找不到指定的路径。)
2018-11-27 15:05:23 [com.wslint.wisdomreport.utils.XMLUtils:134] - D:\server\file\product\1\document\word\version.xml (系统找不到指定的路径。)
2018-11-27 15:13:17 [com.wslint.wisdomreport.utils.XMLUtils:134] - D:\server\file\product\1\document\word\version.xml (系统找不到指定的路径。)
2018-11-27 15:32:52 [com.wslint.wisdomreport.utils.XMLUtils:134] - D:\server\file\product\1\document\word\version.xml (系统找不到指定的路径。)
2018-11-27 15:33:09 [com.wslint.wisdomreport.utils.XMLUtils:134] - D:\server\file\product\1\document\word\version.xml (系统找不到指定的路径。)
2018-11-27 15:34:54 [com.wslint.wisdomreport.config.WslGlobalExceptionHandler:26] - ------------------ 系统异常！ - null ------------------
2018-11-27 15:34:54 [com.wslint.wisdomreport.config.WslGlobalExceptionHandler:26] - ------------------ 系统异常！ - null ------------------
2018-11-27 15:44:45 [com.wslint.wisdomreport.service.config.document.impl.WordServiceImpl:179] - D:\server\file\product\1064\document\word\version.xml (系统找不到指定的文件。)
2018-11-27 15:45:50 [com.wslint.wisdomreport.utils.XMLUtils:134] - D:\server\file\product\1\document\word\version.xml (系统找不到指定的路径。)
2018-11-27 15:48:08 [com.wslint.wisdomreport.utils.XMLUtils:134] - D:\server\file\product\1\document\word\version.xml (系统找不到指定的路径。)
2018-11-27 15:58:20 [com.wslint.wisdomreport.utils.XMLUtils:134] - D:\server\file\product\1\document\word\version.xml (系统找不到指定的路径。)
2018-11-27 15:58:37 [com.wslint.wisdomreport.utils.XMLUtils:134] - D:\server\file\product\1\document\word\version.xml (系统找不到指定的路径。)
2018-11-27 16:01:49 [com.wslint.wisdomreport.utils.XMLUtils:134] - D:\server\file\product\1\document\word\version.xml (系统找不到指定的路径。)
2018-11-27 16:07:32 [com.wslint.wisdomreport.config.WslGlobalExceptionHandler:26] - ------------------ 系统异常！ - null ------------------
2018-11-27 16:32:48 [com.wslint.wisdomreport.utils.XMLUtils:134] - D:\server\file\product\1\document\word\version.xml (系统找不到指定的路径。)
2018-11-27 16:36:30 [com.wslint.wisdomreport.utils.XMLUtils:134] - D:\server\file\product\1\document\word\version.xml (系统找不到指定的路径。)
2018-11-27 16:51:04 [com.wslint.wisdomreport.utils.XMLUtils:134] - D:\server\file\product\1\document\word\version.xml (系统找不到指定的路径。)
2018-11-27 18:03:20 [com.wslint.wisdomreport.utils.XMLUtils:134] - D:\server\file\product\1\document\word\version.xml (系统找不到指定的路径。)
2018-11-27 18:05:17 [com.wslint.wisdomreport.utils.XMLUtils:134] - D:\server\file\product\1\document\word\version.xml (系统找不到指定的路径。)
2018-11-27 18:05:18 [com.wslint.wisdomreport.utils.XMLUtils:134] - D:\server\file\product\1\document\xml\medicine.xml (系统找不到指定的路径。)
2018-11-27 18:05:21 [com.wslint.wisdomreport.utils.XMLUtils:134] - D:\server\file\product\1\document\word\version.xml (系统找不到指定的路径。)
2018-11-27 18:05:29 [com.wslint.wisdomreport.utils.XMLUtils:134] - D:\server\file\product\1\document\xml\medicine.xml (系统找不到指定的路径。)
2018-11-27 18:05:31 [com.wslint.wisdomreport.utils.XMLUtils:134] - D:\server\file\product\1\document\word\version.xml (系统找不到指定的路径。)
2018-11-27 18:06:11 [com.wslint.wisdomreport.utils.XMLUtils:134] - D:\server\file\product\1\document\word\version.xml (系统找不到指定的路径。)
2018-11-27 18:06:15 [com.wslint.wisdomreport.utils.XMLUtils:134] - D:\server\file\product\1\document\xml\medicine.xml (系统找不到指定的路径。)
2018-11-27 18:06:31 [com.wslint.wisdomreport.utils.XMLUtils:134] - D:\server\file\product\1\document\word\version.xml (系统找不到指定的路径。)
2018-11-27 18:06:32 [com.wslint.wisdomreport.utils.XMLUtils:134] - D:\server\file\product\1\document\xml\medicine.xml (系统找不到指定的路径。)
2018-11-27 18:06:33 [com.wslint.wisdomreport.utils.XMLUtils:134] - D:\server\file\product\1\document\word\version.xml (系统找不到指定的路径。)
2018-11-27 18:06:34 [com.wslint.wisdomreport.utils.XMLUtils:134] - D:\server\file\product\1\document\xml\medicine.xml (系统找不到指定的路径。)
2018-11-27 18:06:34 [com.wslint.wisdomreport.utils.XMLUtils:134] - D:\server\file\product\1\document\word\version.xml (系统找不到指定的路径。)
2018-11-27 18:08:46 [com.wslint.wisdomreport.utils.XMLUtils:134] - D:\server\file\product\1\document\word\version.xml (系统找不到指定的路径。)
2018-11-27 18:08:48 [com.wslint.wisdomreport.utils.XMLUtils:134] - D:\server\file\product\1\document\xml\medicine.xml (系统找不到指定的路径。)
2018-11-27 18:23:10 [com.wslint.wisdomreport.utils.XMLUtils:134] - D:\server\file\product\2\document\xml\medicine.xml (系统找不到指定的路径。)
2018-11-27 18:24:11 [com.wslint.wisdomreport.utils.XMLUtils:134] - D:\server\file\product\2\document\xml\medicine.xml (系统找不到指定的路径。)
