2018-11-22 09:24:07 [com.wslint.wisdomreport.utils.XMLUtils:134] - D:\server\file\product\2\document\xml\medicine.xml (系统找不到指定的路径。)
2018-11-22 09:24:10 [com.wslint.wisdomreport.utils.XMLUtils:134] - D:\server\file\product\1\document\xml\medicine.xml (系统找不到指定的路径。)
2018-11-22 10:19:36 [com.wslint.wisdomreport.config.WslGlobalExceptionHandler:26] - ------------------ 系统异常！ - For input string: "" ------------------
2018-11-22 10:19:58 [com.wslint.wisdomreport.utils.XMLUtils:134] - D:\server\file\product\2\document\xml\medicine.xml (系统找不到指定的路径。)
2018-11-22 10:19:59 [com.wslint.wisdomreport.utils.XMLUtils:134] - D:\server\file\product\1\document\xml\medicine.xml (系统找不到指定的路径。)
2018-11-22 10:53:32 [com.wslint.wisdomreport.utils.XMLUtils:134] - D:\server\file\product\1\document\xml\medicine.xml (系统找不到指定的路径。)
2018-11-22 10:59:23 [com.wslint.wisdomreport.utils.XMLUtils:134] - D:\server\file\product\1\document\xml\medicine.xml (系统找不到指定的路径。)
2018-11-22 11:00:29 [com.wslint.wisdomreport.utils.XMLUtils:134] - D:\server\file\product\1\document\xml\medicine.xml (系统找不到指定的路径。)
2018-11-22 11:01:29 [com.wslint.wisdomreport.utils.XMLUtils:134] - D:\server\file\product\1\document\xml\medicine.xml (系统找不到指定的路径。)
2018-11-22 11:03:00 [com.wslint.wisdomreport.utils.XMLUtils:134] - D:\server\file\product\1\document\xml\medicine.xml (系统找不到指定的路径。)
2018-11-22 11:06:28 [com.wslint.wisdomreport.utils.XMLUtils:134] - D:\server\file\product\1\document\xml\medicine.xml (系统找不到指定的路径。)
2018-11-22 11:19:25 [com.wslint.wisdomreport.utils.XMLUtils:134] - D:\server\file\product\1\document\xml\medicine.xml (系统找不到指定的路径。)
2018-11-22 11:19:53 [com.wslint.wisdomreport.utils.XMLUtils:134] - D:\server\file\product\1\document\xml\medicine.xml (系统找不到指定的路径。)
2018-11-22 11:22:09 [com.wslint.wisdomreport.utils.XMLUtils:134] - D:\server\file\product\1\document\xml\medicine.xml (系统找不到指定的路径。)
2018-11-22 11:24:54 [com.wslint.wisdomreport.utils.XMLUtils:134] - D:\server\file\product\1\document\xml\medicine.xml (系统找不到指定的路径。)
2018-11-22 11:26:51 [com.wslint.wisdomreport.utils.XMLUtils:134] - D:\server\file\product\1\document\xml\medicine.xml (系统找不到指定的路径。)
2018-11-22 11:27:35 [com.wslint.wisdomreport.utils.XMLUtils:134] - D:\server\file\product\1\document\xml\medicine.xml (系统找不到指定的路径。)
2018-11-22 11:28:59 [com.wslint.wisdomreport.utils.XMLUtils:134] - D:\server\file\product\1\document\xml\medicine.xml (系统找不到指定的路径。)
2018-11-22 11:34:44 [com.wslint.wisdomreport.utils.XMLUtils:134] - D:\server\file\product\1\document\xml\medicine.xml (系统找不到指定的路径。)
2018-11-22 11:36:49 [com.wslint.wisdomreport.utils.XMLUtils:134] - D:\server\file\product\1\document\xml\medicine.xml (系统找不到指定的路径。)
2018-11-22 11:38:03 [com.wslint.wisdomreport.utils.XMLUtils:134] - D:\server\file\product\1\document\xml\medicine.xml (系统找不到指定的路径。)
2018-11-22 11:38:55 [com.wslint.wisdomreport.utils.XMLUtils:134] - D:\server\file\product\1\document\xml\medicine.xml (系统找不到指定的路径。)
2018-11-22 11:42:03 [com.wslint.wisdomreport.utils.XMLUtils:134] - D:\server\file\product\1\document\xml\medicine.xml (系统找不到指定的路径。)
2018-11-22 11:42:59 [com.wslint.wisdomreport.utils.XMLUtils:134] - D:\server\file\product\1\document\xml\medicine.xml (系统找不到指定的路径。)
2018-11-22 11:50:47 [com.wslint.wisdomreport.utils.XMLUtils:134] - D:\server\file\product\1\document\xml\medicine.xml (系统找不到指定的路径。)
2018-11-22 11:53:40 [com.wslint.wisdomreport.utils.XMLUtils:134] - D:\server\file\product\1\document\xml\medicine.xml (系统找不到指定的路径。)
2018-11-22 11:54:45 [com.wslint.wisdomreport.utils.XMLUtils:134] - D:\server\file\product\1\document\xml\medicine.xml (系统找不到指定的路径。)
2018-11-22 11:55:10 [com.wslint.wisdomreport.utils.XMLUtils:134] - D:\server\file\product\1\document\xml\medicine.xml (系统找不到指定的路径。)
2018-11-22 11:55:14 [com.wslint.wisdomreport.service.file.impl.FileServiceImpl:118] - file D:\server\file\product\1025\document\word\1020\1030.docx not exist !
2018-11-22 11:56:32 [com.wslint.wisdomreport.utils.XMLUtils:134] - D:\server\file\product\1\document\xml\medicine.xml (系统找不到指定的路径。)
2018-11-22 11:56:42 [com.wslint.wisdomreport.utils.XMLUtils:134] - D:\server\file\product\1\document\xml\medicine.xml (系统找不到指定的路径。)
2018-11-22 11:57:04 [com.wslint.wisdomreport.utils.XMLUtils:134] - D:\server\file\product\1\document\xml\medicine.xml (系统找不到指定的路径。)
2018-11-22 11:58:39 [com.wslint.wisdomreport.utils.XMLUtils:134] - D:\server\file\product\1\document\xml\medicine.xml (系统找不到指定的路径。)
2018-11-22 11:58:50 [com.wslint.wisdomreport.utils.XMLUtils:134] - D:\server\file\product\1\document\xml\medicine.xml (系统找不到指定的路径。)
2018-11-22 11:59:25 [com.wslint.wisdomreport.utils.XMLUtils:134] - D:\server\file\product\1\document\xml\medicine.xml (系统找不到指定的路径。)
2018-11-22 12:05:59 [com.wslint.wisdomreport.utils.XMLUtils:134] - D:\server\file\product\1\document\xml\medicine.xml (系统找不到指定的路径。)
2018-11-22 12:08:17 [com.wslint.wisdomreport.utils.XMLUtils:134] - D:\server\file\product\1\document\xml\medicine.xml (系统找不到指定的路径。)
2018-11-22 13:49:41 [com.wslint.wisdomreport.utils.XMLUtils:134] - D:\server\file\product\1\document\xml\medicine.xml (系统找不到指定的路径。)
2018-11-22 13:52:51 [com.wslint.wisdomreport.utils.XMLUtils:134] - D:\server\file\product\1\document\xml\medicine.xml (系统找不到指定的路径。)
2018-11-22 13:53:45 [com.wslint.wisdomreport.utils.XMLUtils:134] - D:\server\file\product\1\document\xml\medicine.xml (系统找不到指定的路径。)
2018-11-22 13:58:27 [com.wslint.wisdomreport.utils.XMLUtils:134] - D:\server\file\product\1\document\xml\medicine.xml (系统找不到指定的路径。)
2018-11-22 13:59:23 [com.wslint.wisdomreport.utils.XMLUtils:134] - D:\server\file\product\1\document\xml\medicine.xml (系统找不到指定的路径。)
2018-11-22 14:02:33 [com.wslint.wisdomreport.utils.XMLUtils:134] - D:\server\file\product\1\document\xml\medicine.xml (系统找不到指定的路径。)
2018-11-22 14:03:42 [com.wslint.wisdomreport.utils.XMLUtils:134] - D:\server\file\product\1\document\xml\medicine.xml (系统找不到指定的路径。)
2018-11-22 14:06:03 [com.wslint.wisdomreport.utils.XMLUtils:134] - D:\server\file\product\1\document\xml\medicine.xml (系统找不到指定的路径。)
2018-11-22 14:10:50 [com.wslint.wisdomreport.utils.XMLUtils:134] - D:\server\file\product\1\document\xml\medicine.xml (系统找不到指定的路径。)
2018-11-22 14:19:45 [com.wslint.wisdomreport.utils.XMLUtils:134] - D:\server\file\product\1\document\xml\medicine.xml (系统找不到指定的路径。)
2018-11-22 14:20:58 [com.wslint.wisdomreport.utils.XMLUtils:134] - D:\server\file\product\1\document\xml\medicine.xml (系统找不到指定的路径。)
2018-11-22 14:22:12 [com.wslint.wisdomreport.utils.XMLUtils:134] - D:\server\file\product\1\document\xml\medicine.xml (系统找不到指定的路径。)
2018-11-22 14:27:21 [com.wslint.wisdomreport.utils.XMLUtils:134] - D:\server\file\product\1\document\xml\medicine.xml (系统找不到指定的路径。)
2018-11-22 14:29:08 [com.wslint.wisdomreport.utils.XMLUtils:134] - D:\server\file\product\1\document\xml\medicine.xml (系统找不到指定的路径。)
2018-11-22 14:29:52 [com.wslint.wisdomreport.utils.XMLUtils:134] - D:\server\file\product\1\document\xml\medicine.xml (系统找不到指定的路径。)
2018-11-22 14:58:40 [com.wslint.wisdomreport.utils.XMLUtils:134] - D:\server\file\product\1\document\word\version.xml (系统找不到指定的路径。)
2018-11-22 15:01:41 [com.wslint.wisdomreport.utils.XMLUtils:134] - D:\server\file\product\1\document\xml\medicine.xml (系统找不到指定的路径。)
2018-11-22 15:01:44 [com.wslint.wisdomreport.utils.XMLUtils:134] - D:\server\file\product\1\document\xml\medicine.xml (系统找不到指定的路径。)
2018-11-22 15:01:48 [com.wslint.wisdomreport.utils.XMLUtils:134] - D:\server\file\product\1\document\xml\medicine.xml (系统找不到指定的路径。)
2018-11-22 15:01:49 [com.wslint.wisdomreport.utils.XMLUtils:134] - D:\server\file\product\1\document\xml\medicine.xml (系统找不到指定的路径。)
2018-11-22 15:01:57 [com.wslint.wisdomreport.utils.XMLUtils:134] - D:\server\file\product\1\document\xml\medicine.xml (系统找不到指定的路径。)
2018-11-22 15:03:03 [com.wslint.wisdomreport.utils.XMLUtils:134] - D:\server\file\product\1\document\xml\medicine.xml (系统找不到指定的路径。)
2018-11-22 15:04:01 [com.wslint.wisdomreport.utils.XMLUtils:134] - D:\server\file\product\1\document\xml\medicine.xml (系统找不到指定的路径。)
2018-11-22 15:07:26 [com.wslint.wisdomreport.utils.XMLUtils:134] - D:\server\file\product\1\document\xml\medicine.xml (系统找不到指定的路径。)
2018-11-22 15:12:29 [com.wslint.wisdomreport.utils.XMLUtils:134] - D:\server\file\product\1\document\xml\medicine.xml (系统找不到指定的路径。)
2018-11-22 15:12:43 [com.wslint.wisdomreport.utils.XMLUtils:134] - D:\server\file\product\1\document\xml\medicine.xml (系统找不到指定的路径。)
2018-11-22 15:13:41 [com.wslint.wisdomreport.utils.XMLUtils:134] - D:\server\file\product\1\document\xml\medicine.xml (系统找不到指定的路径。)
2018-11-22 15:14:29 [com.wslint.wisdomreport.utils.XMLUtils:134] - D:\server\file\product\1\document\xml\medicine.xml (系统找不到指定的路径。)
2018-11-22 15:14:41 [com.wslint.wisdomreport.utils.XMLUtils:134] - D:\server\file\product\1\document\xml\medicine.xml (系统找不到指定的路径。)
2018-11-22 15:14:47 [com.wslint.wisdomreport.service.file.impl.FileServiceImpl:118] - file D:\server\file\product\1025\document\word\1020\1030.docx not exist !
2018-11-22 15:15:16 [com.wslint.wisdomreport.utils.XMLUtils:134] - D:\server\file\product\1\document\xml\medicine.xml (系统找不到指定的路径。)
2018-11-22 15:17:29 [org.springframework.boot.SpringApplication:845] - Application run failed
org.springframework.beans.factory.UnsatisfiedDependencyException: Error creating bean with name 'wordController': Unsatisfied dependency expressed through field 'iWordService'; nested exception is org.springframework.beans.factory.NoSuchBeanDefinitionException: No qualifying bean of type 'com.wslint.wisdomreport.service.config.document.IWordService' available: expected at least 1 bean which qualifies as autowire candidate. Dependency annotations: {@org.springframework.beans.factory.annotation.Autowired(required=true)}
	at org.springframework.beans.factory.annotation.AutowiredAnnotationBeanPostProcessor$AutowiredFieldElement.inject(AutowiredAnnotationBeanPostProcessor.java:586)
	at org.springframework.beans.factory.annotation.InjectionMetadata.inject(InjectionMetadata.java:91)
	at org.springframework.beans.factory.annotation.AutowiredAnnotationBeanPostProcessor.postProcessPropertyValues(AutowiredAnnotationBeanPostProcessor.java:372)
	at org.springframework.beans.factory.support.AbstractAutowireCapableBeanFactory.populateBean(AbstractAutowireCapableBeanFactory.java:1341)
	at org.springframework.beans.factory.support.AbstractAutowireCapableBeanFactory.doCreateBean(AbstractAutowireCapableBeanFactory.java:572)
	at org.springframework.beans.factory.support.AbstractAutowireCapableBeanFactory.createBean(AbstractAutowireCapableBeanFactory.java:495)
	at org.springframework.beans.factory.support.AbstractBeanFactory.lambda$doGetBean$0(AbstractBeanFactory.java:317)
	at org.springframework.beans.factory.support.DefaultSingletonBeanRegistry.getSingleton(DefaultSingletonBeanRegistry.java:222)
	at org.springframework.beans.factory.support.AbstractBeanFactory.doGetBean(AbstractBeanFactory.java:315)
	at org.springframework.beans.factory.support.AbstractBeanFactory.getBean(AbstractBeanFactory.java:199)
	at org.springframework.beans.factory.support.DefaultListableBeanFactory.preInstantiateSingletons(DefaultListableBeanFactory.java:759)
	at org.springframework.context.support.AbstractApplicationContext.finishBeanFactoryInitialization(AbstractApplicationContext.java:869)
	at org.springframework.context.support.AbstractApplicationContext.refresh(AbstractApplicationContext.java:550)
	at org.springframework.boot.web.servlet.context.ServletWebServerApplicationContext.refresh(ServletWebServerApplicationContext.java:140)
	at org.springframework.boot.SpringApplication.refresh(SpringApplication.java:762)
	at org.springframework.boot.SpringApplication.refreshContext(SpringApplication.java:398)
	at org.springframework.boot.SpringApplication.run(SpringApplication.java:330)
	at com.wslint.wisdomreport.WisdomReportApplication.main(WisdomReportApplication.java:20)
Caused by: org.springframework.beans.factory.NoSuchBeanDefinitionException: No qualifying bean of type 'com.wslint.wisdomreport.service.config.document.IWordService' available: expected at least 1 bean which qualifies as autowire candidate. Dependency annotations: {@org.springframework.beans.factory.annotation.Autowired(required=true)}
	at org.springframework.beans.factory.support.DefaultListableBeanFactory.raiseNoMatchingBeanFound(DefaultListableBeanFactory.java:1506)
	at org.springframework.beans.factory.support.DefaultListableBeanFactory.doResolveDependency(DefaultListableBeanFactory.java:1101)
	at org.springframework.beans.factory.support.DefaultListableBeanFactory.resolveDependency(DefaultListableBeanFactory.java:1062)
	at org.springframework.beans.factory.annotation.AutowiredAnnotationBeanPostProcessor$AutowiredFieldElement.inject(AutowiredAnnotationBeanPostProcessor.java:583)
	... 17 common frames omitted
2018-11-22 15:20:57 [com.wslint.wisdomreport.config.WslGlobalExceptionHandler:26] - ------------------ 系统异常！ - null ------------------
2018-11-22 15:21:04 [com.wslint.wisdomreport.utils.XMLUtils:134] - D:\server\file\product\1\document\word\version.xml (系统找不到指定的路径。)
2018-11-22 15:21:18 [com.wslint.wisdomreport.config.WslGlobalExceptionHandler:26] - ------------------ 系统异常！ - null ------------------
2018-11-22 15:23:11 [com.wslint.wisdomreport.utils.XMLUtils:134] - D:\server\file\product\1\document\word\version.xml (系统找不到指定的路径。)
2018-11-22 15:23:20 [com.wslint.wisdomreport.utils.XMLUtils:134] - D:\server\file\product\1\document\word\version.xml (系统找不到指定的路径。)
2018-11-22 15:23:29 [com.wslint.wisdomreport.config.WslGlobalExceptionHandler:26] - ------------------ 系统异常！ - null ------------------
2018-11-22 15:23:51 [com.wslint.wisdomreport.config.WslGlobalExceptionHandler:26] - ------------------ 系统异常！ - null ------------------
2018-11-22 15:32:00 [com.wslint.wisdomreport.config.WslGlobalExceptionHandler:26] - ------------------ 系统异常！ - null ------------------
2018-11-22 15:33:11 [com.wslint.wisdomreport.service.file.impl.FileServiceImpl:140] - java.io.FileNotFoundException: D:\server\file\D:\server\file\product\1023\document\word\version\1.0\1023.docx (文件名、目录名或卷标语法不正确。)
2018-11-22 16:15:41 [com.wslint.wisdomreport.utils.XMLUtils:134] - D:\server\file\product\1\document\xml\medicine.xml (系统找不到指定的路径。)
2018-11-22 16:50:46 [com.wslint.wisdomreport.config.WslGlobalExceptionHandler:26] - ------------------ 系统异常！ - null ------------------
2018-11-22 16:51:05 [com.wslint.wisdomreport.utils.XMLUtils:134] - D:\server\file\product\1\document\xml\medicine.xml (系统找不到指定的路径。)
2018-11-22 16:57:46 [com.wslint.wisdomreport.config.WslGlobalExceptionHandler:26] - ------------------ 系统异常！ - null ------------------
2018-11-22 17:07:11 [com.wslint.wisdomreport.utils.XMLUtils:134] - D:\server\file\product\1\document\xml\medicine.xml (系统找不到指定的路径。)
2018-11-22 17:31:32 [com.wslint.wisdomreport.utils.XMLUtils:134] - D:\server\file\product\1\document\xml\medicine.xml (系统找不到指定的路径。)
2018-11-22 17:50:28 [com.wslint.wisdomreport.utils.XMLUtils:134] - D:\server\file\product\1025\document\word\version.xml (系统找不到指定的文件。)
2018-11-22 17:50:28 [com.wslint.wisdomreport.config.WslGlobalExceptionHandler:26] - ------------------ 系统异常！ - null ------------------
2018-11-22 17:53:36 [com.wslint.wisdomreport.utils.XMLUtils:134] - D:\server\file\product\1\document\xml\medicine.xml (系统找不到指定的路径。)
2018-11-22 17:55:10 [com.wslint.wisdomreport.utils.XMLUtils:134] - D:\server\file\product\1\document\xml\medicine.xml (系统找不到指定的路径。)
2018-11-22 17:55:12 [com.wslint.wisdomreport.utils.XMLUtils:134] - D:\server\file\product\1\document\word\version.xml (系统找不到指定的路径。)
2018-11-22 17:55:15 [com.wslint.wisdomreport.utils.XMLUtils:134] - D:\server\file\product\1030\document\word\version.xml (系统找不到指定的文件。)
2018-11-22 17:55:17 [com.wslint.wisdomreport.utils.XMLUtils:134] - D:\server\file\product\1032\document\word\version.xml (系统找不到指定的文件。)
2018-11-22 17:55:20 [com.wslint.wisdomreport.utils.XMLUtils:134] - D:\server\file\product\1029\document\word\version.xml (系统找不到指定的文件。)
2018-11-22 17:55:23 [com.wslint.wisdomreport.utils.XMLUtils:134] - D:\server\file\product\1031\document\word\version.xml (系统找不到指定的文件。)
2018-11-22 18:24:42 [com.wslint.wisdomreport.utils.XMLUtils:134] - D:\server\file\product\1\document\xml\medicine.xml (系统找不到指定的路径。)
2018-11-22 20:14:33 [com.wslint.wisdomreport.service.config.document.impl.WordServiceImpl:158] - product\1024\document\word\version\1024.docx.xml (系统找不到指定的路径。)
2018-11-22 20:20:37 [com.wslint.wisdomreport.service.config.document.impl.WordServiceImpl:163] - product\1024\document\word\version\1024.docx.xml (系统找不到指定的路径。)
2018-11-22 20:21:48 [com.wslint.wisdomreport.service.config.document.impl.WordServiceImpl:163] - product\1024\document\word\version\1024.docx.xml (系统找不到指定的路径。)
2018-11-22 20:22:26 [com.wslint.wisdomreport.service.config.document.impl.WordServiceImpl:163] - product\1024\document\word\version\1024.docx.xml (系统找不到指定的路径。)
2018-11-22 20:25:47 [com.wslint.wisdomreport.service.config.document.impl.WordServiceImpl:164] - product\1024\document\word\version\version.xml.xml (系统找不到指定的路径。)
2018-11-22 20:27:42 [com.wslint.wisdomreport.service.config.document.impl.WordServiceImpl:164] - D:\server\file\product\1024\document\word\version.xml.xml (系统找不到指定的文件。)
2018-11-22 20:27:42 [com.wslint.wisdomreport.service.file.impl.FileServiceImpl:140] - java.io.FileNotFoundException: D:\server\file\D:\server\file\product\1024\document\word\1.0\1024.docx (文件名、目录名或卷标语法不正确。)
2018-11-22 20:30:21 [com.wslint.wisdomreport.config.WslGlobalExceptionHandler:26] - ------------------ 系统异常！ - For input string: "1.0" ------------------
2018-11-22 20:33:05 [com.wslint.wisdomreport.config.WslGlobalExceptionHandler:26] - ------------------ 系统异常！ - For input string: "1.0" ------------------
2018-11-22 20:34:06 [com.wslint.wisdomreport.config.WslGlobalExceptionHandler:26] - ------------------ 系统异常！ - For input string: "1.0" ------------------
2018-11-22 20:42:55 [com.wslint.wisdomreport.config.WslGlobalExceptionHandler:26] - ------------------ 系统异常！ - 0 ------------------
2018-11-22 20:44:04 [com.wslint.wisdomreport.config.WslGlobalExceptionHandler:26] - ------------------ 系统异常！ - 0 ------------------
2018-11-22 20:44:29 [com.wslint.wisdomreport.config.WslGlobalExceptionHandler:26] - ------------------ 系统异常！ - 0 ------------------
2018-11-22 20:46:22 [com.wslint.wisdomreport.config.WslGlobalExceptionHandler:26] - ------------------ 系统异常！ - 0 ------------------
2018-11-22 20:47:22 [com.wslint.wisdomreport.service.file.impl.FileServiceImpl:140] - java.io.FileNotFoundException: D:\server\file\D:\server\file\product\1024\document\word\20\1024.docx (文件名、目录名或卷标语法不正确。)
2018-11-22 20:58:50 [com.wslint.wisdomreport.service.config.document.impl.WordServiceImpl:175] - D:\server\file\product\1024\document\word\version.xml (系统找不到指定的路径。)
2018-11-22 21:28:57 [com.wslint.wisdomreport.service.config.document.impl.WordServiceImpl:176] - D:\server\file\product\1024\document\word\version.xml (系统找不到指定的路径。)
2018-11-22 21:28:57 [com.wslint.wisdomreport.service.file.impl.FileServiceImpl:140] - java.io.FileNotFoundException: C:\Users\win 10\AppData\Local\Temp\tomcat.9049261775045105461.9000\work\Tomcat\localhost\ROOT\upload_8c889823_952a_4e4b_9110_b8ca4d9572ad_00000000.tmp (系统找不到指定的文件。)
2018-11-22 21:36:37 [com.wslint.wisdomreport.service.config.document.impl.WordServiceImpl:192] - D:\server\file\product\1024\document\word\version.xml (系统找不到指定的路径。)
2018-11-22 21:36:37 [com.wslint.wisdomreport.service.file.impl.FileServiceImpl:140] - java.io.FileNotFoundException: C:\Users\win 10\AppData\Local\Temp\tomcat.8763123683596639179.9000\work\Tomcat\localhost\ROOT\upload_e97332e6_0a1f_443d_bfe9_1e2a360eb8dd_00000000.tmp (系统找不到指定的文件。)
2018-11-22 21:40:00 [com.wslint.wisdomreport.service.config.document.impl.WordServiceImpl:173] - D:\server\file\product\1024\document\word\version.xml (系统找不到指定的文件。)
2018-11-22 21:40:00 [com.wslint.wisdomreport.service.file.impl.FileServiceImpl:140] - java.io.FileNotFoundException: C:\Users\win 10\AppData\Local\Temp\tomcat.4428284956272955177.9000\work\Tomcat\localhost\ROOT\upload_b982e41c_98d6_41f9_b9b3_78767937a0a2_00000000.tmp (系统找不到指定的文件。)
