2018-11-29 09:52:08 [com.wslint.wisdomreport.utils.XMLUtils:134] - D:\server\file\product\1\document\word\version.xml (系统找不到指定的路径。)
2018-11-29 09:52:11 [com.wslint.wisdomreport.utils.XMLUtils:134] - D:\server\file\product\1065\document\word\version.xml (系统找不到指定的路径。)
2018-11-29 11:09:01 [com.wslint.wisdomreport.utils.XMLUtils:134] - D:\server\file\product\1\document\word\version.xml (系统找不到指定的路径。)
2018-11-29 11:47:20 [com.wslint.wisdomreport.utils.XMLUtils:134] - D:\server\file\product\1\document\word\version.xml (系统找不到指定的路径。)
2018-11-29 13:56:57 [com.wslint.wisdomreport.config.WslGlobalExceptionHandler:40] - ------------------ 系统异常！ - null ------------------
2018-11-29 13:57:44 [com.wslint.wisdomreport.config.WslGlobalExceptionHandler:40] - ------------------ 系统异常！ - JSON parse error: Unexpected character ('}' (code 125)): was expecting double-quote to start field name; nested exception is com.fasterxml.jackson.core.JsonParseException: Unexpected character ('}' (code 125)): was expecting double-quote to start field name
 at [Source: (PushbackInputStream); line: 5, column: 2] ------------------
2018-11-29 16:56:47 [org.springframework.boot.SpringApplication:845] - Application run failed
org.springframework.beans.factory.BeanCreationException: Error creating bean with name 'flywayInitializer' defined in class path resource [org/springframework/boot/autoconfigure/flyway/FlywayAutoConfiguration$FlywayConfiguration.class]: Invocation of init method failed; nested exception is org.flywaydb.core.api.FlywayException: Validate failed: Migration checksum mismatch for migration version 1
-> Applied to database : 1921978628
-> Resolved locally    : -1273955237
	at org.springframework.beans.factory.support.AbstractAutowireCapableBeanFactory.initializeBean(AbstractAutowireCapableBeanFactory.java:1699)
	at org.springframework.beans.factory.support.AbstractAutowireCapableBeanFactory.doCreateBean(AbstractAutowireCapableBeanFactory.java:573)
	at org.springframework.beans.factory.support.AbstractAutowireCapableBeanFactory.createBean(AbstractAutowireCapableBeanFactory.java:495)
	at org.springframework.beans.factory.support.AbstractBeanFactory.lambda$doGetBean$0(AbstractBeanFactory.java:317)
	at org.springframework.beans.factory.support.DefaultSingletonBeanRegistry.getSingleton(DefaultSingletonBeanRegistry.java:222)
	at org.springframework.beans.factory.support.AbstractBeanFactory.doGetBean(AbstractBeanFactory.java:315)
	at org.springframework.beans.factory.support.AbstractBeanFactory.getBean(AbstractBeanFactory.java:199)
	at org.springframework.beans.factory.support.AbstractBeanFactory.doGetBean(AbstractBeanFactory.java:304)
	at org.springframework.beans.factory.support.AbstractBeanFactory.getBean(AbstractBeanFactory.java:199)
	at org.springframework.beans.factory.support.DefaultListableBeanFactory.preInstantiateSingletons(DefaultListableBeanFactory.java:759)
	at org.springframework.context.support.AbstractApplicationContext.finishBeanFactoryInitialization(AbstractApplicationContext.java:869)
	at org.springframework.context.support.AbstractApplicationContext.refresh(AbstractApplicationContext.java:550)
	at org.springframework.boot.web.servlet.context.ServletWebServerApplicationContext.refresh(ServletWebServerApplicationContext.java:140)
	at org.springframework.boot.SpringApplication.refresh(SpringApplication.java:762)
	at org.springframework.boot.SpringApplication.refreshContext(SpringApplication.java:398)
	at org.springframework.boot.SpringApplication.run(SpringApplication.java:330)
	at com.wslint.wisdomreport.WisdomReportApplication.main(WisdomReportApplication.java:20)
Caused by: org.flywaydb.core.api.FlywayException: Validate failed: Migration checksum mismatch for migration version 1
-> Applied to database : 1921978628
-> Resolved locally    : -1273955237
	at org.flywaydb.core.Flyway.doValidate(Flyway.java:1037)
	at org.flywaydb.core.Flyway.access$100(Flyway.java:78)
	at org.flywaydb.core.Flyway$1.execute(Flyway.java:918)
	at org.flywaydb.core.Flyway$1.execute(Flyway.java:910)
	at org.flywaydb.core.Flyway.execute(Flyway.java:1238)
	at org.flywaydb.core.Flyway.migrate(Flyway.java:910)
	at org.springframework.boot.autoconfigure.flyway.FlywayMigrationInitializer.afterPropertiesSet(FlywayMigrationInitializer.java:66)
	at org.springframework.beans.factory.support.AbstractAutowireCapableBeanFactory.invokeInitMethods(AbstractAutowireCapableBeanFactory.java:1758)
	at org.springframework.beans.factory.support.AbstractAutowireCapableBeanFactory.initializeBean(AbstractAutowireCapableBeanFactory.java:1695)
	... 16 common frames omitted
2018-11-29 16:59:13 [com.wslint.wisdomreport.service.file.impl.FileServiceImpl:298] - 复制整个文件夹内容操作出错
2018-11-29 16:59:37 [com.wslint.wisdomreport.service.file.impl.FileServiceImpl:298] - 复制整个文件夹内容操作出错
2018-11-29 17:00:05 [com.wslint.wisdomreport.service.file.impl.FileServiceImpl:298] - 复制整个文件夹内容操作出错
2018-11-29 17:03:07 [com.wslint.wisdomreport.service.file.impl.FileServiceImpl:298] - 复制整个文件夹内容操作出错
